
     Surface Energy Loss   Energy Generated
     3.600000000000E+05    3.600000000000E+05



  x analytic solution
  x(m)      T(K)
 0.00020  553.412
 0.00060  576.000
 0.00100  592.941
 0.00140  604.235
 0.00180  609.882
 0.00220  609.882
 0.00260  604.235
 0.00300  592.941
 0.00340  576.000
 0.00380  553.412



Numerical Solution

  554.12  576.71  593.65  604.94  610.59  610.59  604.94  593.65  576.71  554.12
  554.12  576.71  593.65  604.94  610.59  610.59  604.94  593.65  576.71  554.12
  554.12  576.71  593.65  604.94  610.59  610.59  604.94  593.65  576.71  554.12
  554.12  576.71  593.65  604.94  610.59  610.59  604.94  593.65  576.71  554.12
  554.12  576.71  593.65  604.94  610.59  610.59  604.94  593.65  576.71  554.12
  554.12  576.71  593.65  604.94  610.59  610.59  604.94  593.65  576.71  554.12
  554.12  576.71  593.65  604.94  610.59  610.59  604.94  593.65  576.71  554.12
  554.12  576.71  593.65  604.94  610.59  610.59  604.94  593.65  576.71  554.12
  554.12  576.71  593.65  604.94  610.59  610.59  604.94  593.65  576.71  554.12
  554.12  576.71  593.65  604.94  610.59  610.59  604.94  593.65  576.71  554.12
