   0.000        0.275519035690E+03
   0.041        0.244694478793E+03
   0.082        0.218963186008E+03
   0.123        0.194960280839E+03
   0.164        0.174080152540E+03
   0.205        0.155120040837E+03
   0.247        0.138363596577E+03
   0.288        0.123308993577E+03
   0.329        0.109925453017E+03
   0.370        0.979532444210E+02
   0.411        0.872880606055E+02
   0.452        0.777655297626E+02
   0.493        0.692776303007E+02
   0.534        0.617061057512E+02
   0.575        0.549570131059E+02
   0.616        0.489398026205E+02
   0.658        0.435770759683E+02
   0.699        0.387976854102E+02
   0.740        0.345391105684E+02
   0.781        0.307449075159E+02
   0.822        0.273649705885E+02
   0.863        0.243543802745E+02
   0.904        0.216731204906E+02
   0.945        0.192854195218E+02
   0.986        0.171593769719E+02
   1.027        0.152665128018E+02
   1.069        0.135814253211E+02
   1.110        0.120814520653E+02
   1.151        0.107463833862E+02
   1.192        0.955819715347E+01
   1.233        0.850082598563E+01
   1.274        0.755994671040E+01
   1.315        0.672279326021E+01
   1.356        0.597798884329E+01
   1.397        0.531539621578E+01
   1.438        0.472598378218E+01
   1.480        0.420170603338E+01
   1.521        0.373539675279E+01
   1.562        0.332067366544E+01
   1.603        0.295185332195E+01
   1.644        0.262387512865E+01
   1.685        0.233223356090E+01
   1.726        0.207291768378E+01
   1.767        0.184235720656E+01
   1.808        0.163737437021E+01
   1.849        0.145514104656E+01
   1.891        0.129314048921E+01
   1.932        0.114913323800E+01
   1.973        0.102112672980E+01
   2.014        0.907348217053E+00
   2.055        0.806220636947E+00
   2.096        0.716341112823E+00
   2.137        0.636461802938E+00
   2.178        0.565472842433E+00
   2.219        0.502387151461E+00
   2.260        0.446326906860E+00
   2.302        0.396511496492E+00
   2.343        0.352246794887E+00
   2.384        0.312915616213E+00
   2.425        0.277969216136E+00
   2.466        0.246919728063E+00
   2.507        0.219333431608E+00
   2.548        0.194824762261E+00
   2.589        0.173050981074E+00
   2.630        0.153707432033E+00
   2.671        0.136523322654E+00
   2.713        0.121257970354E+00
   2.754        0.107697463427E+00
   2.795        0.956516910350E-01
   2.836        0.849517016188E-01
   2.877        0.754473535530E-01
   2.918        0.670052258550E-01
   2.959        0.595067602717E-01
   3.000        0.528466092170E-01
   3.041        0.469311668364E-01
   3.082        0.416772629717E-01
   3.124        0.370110020202E-01
   3.165        0.328667306692E-01
   3.206        0.291861202444E-01
   3.247        0.259173509879E-01
   3.288        0.230143869752E-01
   3.329        0.204363316315E-01
   3.370        0.181468549073E-01
   3.411        0.161136841750E-01
   3.452        0.143081517684E-01
   3.493        0.127047928830E-01
   3.535        0.112809882457E-01
   3.576        0.100166465771E-01
   3.617        0.889392242971E-02
   3.658        0.789696546644E-02
   3.699        0.701169768399E-02
   3.740        0.622561547311E-02
   3.781        0.552761375297E-02
   3.822        0.490782972020E-02
   3.863        0.435750403278E-02
   3.904        0.386885748196E-02
   3.946        0.343498143138E-02
   3.987        0.304974048765E-02
   4.028        0.270768603775E-02
   4.069        0.240397944322E-02
   4.110        0.213432381531E-02
   4.151        0.189490341006E-02
   4.192        0.168232979797E-02
   4.233        0.149359404895E-02
   4.274        0.132602426197E-02
   4.315        0.117724784354E-02
   4.357        0.104515800399E-02
   4.398        0.927883999793E-03
   4.439        0.823764705729E-03
   4.480        0.731325142624E-03
   4.521        0.649255630606E-03
   4.562        0.576393276901E-03
   4.603        0.511705532858E-03
   4.644        0.454275594279E-03
   4.685        0.403289432711E-03
   4.726        0.358024281809E-03
   4.768        0.317838410751E-03
   4.809        0.282162042254E-03
   4.850        0.250489291716E-03
   4.891        0.222371002337E-03
   4.932        0.197408389909E-03
