   0.000        0.244694478793E+03
   0.082        0.183045364999E+03
   0.164        0.162142364100E+03
   0.247        0.120564676661E+03
   0.329        0.151864907340E+03
   0.411        0.138607654725E+03
   0.493        0.337658607779E+03
   0.575        0.594283870388E+03
   0.658        0.137013203716E+04
   0.740        0.285621899148E+04
   0.822        0.617134155470E+04
   0.904        0.131647791280E+05
   0.986        0.282173441592E+05
   1.069        0.603876738534E+05
   1.151        0.129329429394E+06
   1.233        0.276954688306E+06
   1.315        0.593213385639E+06
   1.397        0.127074538301E+07
   1.480        0.272250522612E+07
   1.562        0.583359253366E+07
   1.644        0.125015362221E+08
   1.726        0.267947919901E+08
   1.808        0.574378199007E+08
   1.891        0.123142084367E+09
   1.973        0.264044191180E+09
   2.055        0.566250770591E+09
   2.137        0.121451693927E+10
   2.219        0.260532207564E+10
   2.302        0.558962680836E+10
   2.384        0.119941153173E+11
   2.466        0.257405656893E+11
   2.548        0.552500715352E+11
   2.630        0.118607706255E+12
   2.713        0.254658790205E+12
   2.795        0.546852896965E+12
   2.877        0.117448859883E+13
   2.959        0.252286422805E+13
   3.041        0.542008455852E+13
   3.124        0.116462379557E+14
   3.206        0.250283924452E+14
   3.288        0.537957810530E+14
   3.370        0.115646285486E+15
   3.452        0.248647210932E+15
   3.535        0.534692550202E+15
   3.617        0.114998848911E+16
   3.699        0.247372736406E+16
   3.781        0.532205418853E+16
   3.863        0.114518588802E+17
   3.946        0.246457486555E+17
   4.028        0.530490301057E+17
   4.110        0.114204268927E+18
   4.192        0.245898972520E+18
   4.274        0.529542209471E+18
   4.357        0.114054895270E+19
   4.439        0.245695225611E+19
   4.521        0.529357273982E+19
   4.603        0.114069713816E+20
   4.685        0.245844792773E+20
   4.768        0.529932732502E+20
   4.850        0.114248208682E+21
