   0.000        0.269354122840E+03
   0.049        0.232364653094E+03
   0.099        0.204176344783E+03
   0.148        0.176051556189E+03
   0.197        0.154602985562E+03
   0.247        0.133249697386E+03
   0.296        0.116951288405E+03
   0.345        0.100760843322E+03
   0.395        0.883905489740E+02
   0.444        0.761297791916E+02
   0.493        0.667505715818E+02
   0.543        0.574762706376E+02
   0.592        0.503713211320E+02
   0.641        0.433635053718E+02
   0.690        0.379855505361E+02
   0.740        0.326956151359E+02
   0.789        0.286275940504E+02
   0.838        0.246381945094E+02
   0.888        0.215627743856E+02
   0.937        0.185568853388E+02
   0.986        0.162329522677E+02
   1.036        0.139700740169E+02
   1.085        0.122146529387E+02
   1.134        0.105125615793E+02
   1.184        0.918694918437E+01
   1.233        0.790773060929E+01
   1.282        0.690688469941E+01
   1.332        0.594626856344E+01
   1.381        0.519070610573E+01
   1.430        0.446993477815E+01
   1.480        0.389955694186E+01
   1.529        0.335919705255E+01
   1.578        0.292859061137E+01
   1.628        0.252383000785E+01
   1.677        0.219869731581E+01
   1.726        0.189577565421E+01
   1.775        0.165022561568E+01
   1.825        0.142372862260E+01
   1.874        0.123822335999E+01
   1.923        0.106903406892E+01
   1.973        0.928834161096E+00
   2.022        0.802583192776E+00
   2.071        0.696571482085E+00
   2.121        0.602465920488E+00
   2.170        0.522258414155E+00
   2.219        0.452197567504E+00
   2.269        0.391471822381E+00
   2.318        0.339380143290E+00
   2.367        0.293368240216E+00
   2.417        0.254692464802E+00
   2.466        0.219798435037E+00
   2.515        0.191128794429E+00
   2.565        0.164640076695E+00
   2.614        0.143425170110E+00
   2.663        0.123295065336E+00
   2.713        0.107627382026E+00
   2.762        0.923110834293E-01
   2.811        0.807657755003E-01
   2.861        0.690968065331E-01
   2.910        0.606105708058E-01
   2.959        0.517076866705E-01
   3.008        0.454878367099E-01
   3.058        0.386848842196E-01
   3.107        0.341411318171E-01
   3.156        0.289342064651E-01
   3.206        0.256275147034E-01
   3.255        0.216351468822E-01
   3.304        0.192394086240E-01
   3.354        0.161725625704E-01
   3.403        0.144459084255E-01
   3.452        0.120853708382E-01
   3.502        0.108487026090E-01
   3.551        0.902803608517E-02
   3.600        0.814897848147E-02
   3.650        0.674166573674E-02
   3.699        0.612257857676E-02
   3.748        0.503232302970E-02
   3.798        0.460135440642E-02
   3.847        0.375475845692E-02
   3.896        0.345917377524E-02
   3.946        0.280020864341E-02
   3.995        0.260142170862E-02
   4.044        0.208724761990E-02
   4.094        0.195712366838E-02
   4.143        0.155492822967E-02
   4.192        0.147303670690E-02
   4.241        0.115764138002E-02
   4.291        0.110921727003E-02
   4.340        0.861263597358E-03
   4.389        0.835696855461E-03
   4.439        0.640270552708E-03
   4.488        0.629988743754E-03
   4.537        0.477079844245E-03
   4.587        0.475218108591E-03
   4.636        0.359080831799E-03
   4.685        0.358719673045E-03
   4.735        0.270401055559E-03
   4.784        0.270986014698E-03
   4.833        0.203732679552E-03
   4.883        0.204878833642E-03
   4.932        0.153593128061E-03
