   0.000        0.303261136851E+03
   0.004        0.300178681115E+03
   0.008        0.297101318644E+03
   0.012        0.294033296887E+03
   0.016        0.290978149655E+03
   0.021        0.287938808719E+03
   0.025        0.284917698035E+03
   0.029        0.281916813311E+03
   0.033        0.278937789169E+03
   0.037        0.275981955866E+03
   0.041        0.273050387171E+03
   0.045        0.270143940794E+03
   0.049        0.267263292509E+03
   0.053        0.264408964973E+03
   0.058        0.261581352042E+03
   0.062        0.258780739305E+03
   0.066        0.256007321419E+03
   0.070        0.253261216732E+03
   0.074        0.250542479639E+03
   0.078        0.247851110993E+03
   0.082        0.245187066909E+03
   0.086        0.242550266177E+03
   0.090        0.239940596528E+03
   0.095        0.237357919915E+03
   0.099        0.234802076966E+03
   0.103        0.232272890748E+03
   0.107        0.229770169926E+03
   0.111        0.227293711441E+03
   0.115        0.224843302759E+03
   0.119        0.222418723766E+03
   0.123        0.220019748365E+03
   0.127        0.217646145821E+03
   0.132        0.215297681890E+03
   0.136        0.212974119773E+03
   0.140        0.210675220910E+03
   0.144        0.208400745655E+03
   0.148        0.206150453835E+03
   0.152        0.203924105220E+03
   0.156        0.201721459921E+03
   0.160        0.199542278712E+03
   0.164        0.197386323310E+03
   0.169        0.195253356597E+03
   0.173        0.193143142809E+03
   0.177        0.191055447695E+03
   0.181        0.188990038639E+03
   0.185        0.186946684768E+03
   0.189        0.184925157034E+03
   0.193        0.182925228280E+03
   0.197        0.180946673298E+03
   0.201        0.178989268867E+03
   0.205        0.177052793785E+03
   0.210        0.175137028894E+03
   0.214        0.173241757094E+03
   0.218        0.171366763358E+03
   0.222        0.169511834732E+03
   0.226        0.167676760338E+03
   0.230        0.165861331376E+03
   0.234        0.164065341112E+03
   0.238        0.162288584877E+03
   0.242        0.160530860055E+03
   0.247        0.158791966069E+03
   0.251        0.157071704374E+03
   0.255        0.155369878441E+03
   0.259        0.153686293741E+03
   0.263        0.152020757732E+03
   0.267        0.150373079841E+03
   0.271        0.148743071451E+03
   0.275        0.147130545880E+03
   0.279        0.145535318367E+03
   0.284        0.143957206055E+03
   0.288        0.142396027971E+03
   0.292        0.140851605010E+03
   0.296        0.139323759919E+03
   0.300        0.137812317276E+03
   0.304        0.136317103476E+03
   0.308        0.134837946710E+03
   0.312        0.133374676951E+03
   0.316        0.131927125933E+03
   0.321        0.130495127138E+03
   0.325        0.129078515773E+03
   0.329        0.127677128759E+03
   0.333        0.126290804709E+03
   0.337        0.124919383916E+03
   0.341        0.123562708329E+03
   0.345        0.122220621545E+03
   0.349        0.120892968786E+03
   0.353        0.119579596886E+03
   0.358        0.118280354272E+03
   0.362        0.116995090952E+03
   0.366        0.115723658495E+03
   0.370        0.114465910017E+03
   0.374        0.113221700166E+03
   0.378        0.111990885106E+03
   0.382        0.110773322499E+03
   0.386        0.109568871495E+03
   0.390        0.108377392712E+03
   0.395        0.107198748225E+03
   0.399        0.106032801548E+03
   0.403        0.104879417621E+03
   0.407        0.103738462795E+03
   0.411        0.102609804820E+03
   0.415        0.101493312824E+03
   0.419        0.100388857309E+03
   0.423        0.992963101273E+02
   0.427        0.982155444744E+02
   0.432        0.971464348720E+02
   0.436        0.960888571556E+02
   0.440        0.950426884607E+02
   0.444        0.940078072098E+02
   0.448        0.929840930991E+02
   0.452        0.919714270855E+02
   0.456        0.909696913736E+02
   0.460        0.899787694033E+02
   0.464        0.889985458365E+02
   0.469        0.880289065453E+02
   0.473        0.870697385992E+02
   0.477        0.861209302530E+02
   0.481        0.851823709344E+02
   0.485        0.842539512322E+02
   0.489        0.833355628844E+02
   0.493        0.824270987664E+02
   0.497        0.815284528791E+02
   0.501        0.806395203375E+02
   0.506        0.797601973595E+02
   0.510        0.788903812541E+02
   0.514        0.780299704105E+02
   0.518        0.771788642869E+02
   0.522        0.763369633995E+02
   0.526        0.755041693116E+02
   0.530        0.746803846229E+02
   0.534        0.738655129587E+02
   0.538        0.730594589596E+02
   0.543        0.722621282705E+02
   0.547        0.714734275309E+02
   0.551        0.706932643642E+02
   0.555        0.699215473677E+02
   0.559        0.691581861025E+02
   0.563        0.684030910838E+02
   0.567        0.676561737705E+02
   0.571        0.669173465562E+02
   0.575        0.661865227587E+02
   0.580        0.654636166112E+02
   0.584        0.647485432525E+02
   0.588        0.640412187175E+02
   0.592        0.633415599282E+02
   0.596        0.626494846843E+02
   0.600        0.619649116545E+02
   0.604        0.612877603669E+02
   0.608        0.606179512005E+02
   0.612        0.599554053766E+02
   0.616        0.593000449493E+02
   0.621        0.586517927978E+02
   0.625        0.580105726170E+02
   0.629        0.573763089097E+02
   0.633        0.567489269779E+02
   0.637        0.561283529144E+02
   0.641        0.555145135949E+02
   0.645        0.549073366696E+02
   0.649        0.543067505554E+02
   0.653        0.537126844277E+02
   0.658        0.531250682125E+02
   0.662        0.525438325790E+02
   0.666        0.519689089312E+02
   0.670        0.514002294009E+02
   0.674        0.508377268398E+02
   0.678        0.502813348120E+02
   0.682        0.497309875867E+02
   0.686        0.491866201308E+02
   0.690        0.486481681017E+02
   0.695        0.481155678397E+02
   0.699        0.475887563617E+02
   0.703        0.470676713533E+02
   0.707        0.465522511623E+02
   0.711        0.460424347917E+02
   0.715        0.455381618929E+02
   0.719        0.450393727586E+02
   0.723        0.445460083168E+02
   0.727        0.440580101233E+02
   0.732        0.435753203558E+02
   0.736        0.430978818073E+02
   0.740        0.426256378792E+02
   0.744        0.421585325757E+02
   0.748        0.416965104967E+02
   0.752        0.412395168323E+02
   0.756        0.407874973559E+02
   0.760        0.403403984188E+02
   0.764        0.398981669436E+02
   0.769        0.394607504186E+02
   0.773        0.390280968916E+02
   0.777        0.386001549641E+02
   0.781        0.381768737858E+02
   0.785        0.377582030483E+02
   0.789        0.373440929799E+02
   0.793        0.369344943397E+02
   0.797        0.365293584122E+02
   0.801        0.361286370015E+02
   0.806        0.357322824264E+02
   0.810        0.353402475144E+02
   0.814        0.349524855966E+02
   0.818        0.345689505025E+02
   0.822        0.341895965547E+02
   0.826        0.338143785636E+02
   0.830        0.334432518225E+02
   0.834        0.330761721023E+02
   0.838        0.327130956466E+02
   0.843        0.323539791667E+02
   0.847        0.319987798367E+02
   0.851        0.316474552885E+02
   0.855        0.312999636072E+02
   0.859        0.309562633262E+02
   0.863        0.306163134225E+02
   0.867        0.302800733121E+02
   0.871        0.299475028450E+02
   0.875        0.296185623013E+02
   0.880        0.292932123860E+02
   0.884        0.289714142251E+02
   0.888        0.286531293606E+02
   0.892        0.283383197464E+02
   0.896        0.280269477442E+02
   0.900        0.277189761187E+02
   0.904        0.274143680336E+02
   0.908        0.271130870474E+02
   0.912        0.268150971093E+02
   0.917        0.265203625548E+02
   0.921        0.262288481018E+02
   0.925        0.259405188468E+02
   0.929        0.256553402604E+02
   0.933        0.253732781836E+02
   0.937        0.250942988240E+02
   0.941        0.248183687517E+02
   0.945        0.245454548957E+02
   0.949        0.242755245398E+02
   0.954        0.240085453191E+02
   0.958        0.237444852161E+02
   0.962        0.234833125574E+02
   0.966        0.232249960095E+02
   0.970        0.229695045754E+02
   0.974        0.227168075915E+02
   0.978        0.224668747232E+02
   0.982        0.222196759623E+02
   0.986        0.219751816229E+02
   0.990        0.217333623383E+02
   0.995        0.214941890574E+02
   0.999        0.212576330417E+02
   1.003        0.210236658615E+02
   1.007        0.207922593931E+02
   1.011        0.205633858153E+02
   1.015        0.203370176062E+02
   1.019        0.201131275399E+02
   1.023        0.198916886838E+02
   1.027        0.196726743950E+02
   1.032        0.194560583174E+02
   1.036        0.192418143788E+02
   1.040        0.190299167877E+02
   1.044        0.188203400302E+02
   1.048        0.186130588675E+02
   1.052        0.184080483325E+02
   1.056        0.182052837270E+02
   1.060        0.180047406193E+02
   1.064        0.178063948407E+02
   1.069        0.176102224831E+02
   1.073        0.174161998961E+02
   1.077        0.172243036843E+02
   1.081        0.170345107046E+02
   1.085        0.168467980635E+02
   1.089        0.166611431143E+02
   1.093        0.164775234548E+02
   1.097        0.162959169244E+02
   1.101        0.161163016014E+02
   1.106        0.159386558011E+02
   1.110        0.157629580725E+02
   1.114        0.155891871963E+02
   1.118        0.154173221823E+02
   1.122        0.152473422668E+02
   1.126        0.150792269104E+02
   1.130        0.149129557957E+02
   1.134        0.147485088244E+02
   1.138        0.145858661156E+02
   1.143        0.144250080031E+02
   1.147        0.142659150332E+02
   1.151        0.141085679624E+02
   1.155        0.139529477554E+02
   1.159        0.137990355824E+02
   1.163        0.136468128173E+02
   1.167        0.134962610354E+02
   1.171        0.133473620111E+02
   1.175        0.132000977162E+02
   1.180        0.130544503172E+02
   1.184        0.129104021737E+02
   1.188        0.127679358361E+02
   1.192        0.126270340435E+02
   1.196        0.124876797221E+02
   1.200        0.123498559825E+02
   1.204        0.122135461185E+02
   1.208        0.120787336044E+02
   1.212        0.119454020936E+02
   1.217        0.118135354166E+02
   1.221        0.116831175789E+02
   1.225        0.115541327592E+02
   1.229        0.114265653076E+02
   1.233        0.113003997437E+02
   1.237        0.111756207550E+02
   1.241        0.110522131948E+02
   1.245        0.109301620805E+02
   1.249        0.108094525919E+02
   1.254        0.106900700696E+02
   1.258        0.105720000129E+02
   1.262        0.104552280785E+02
   1.266        0.103397400786E+02
   1.270        0.102255219792E+02
   1.274        0.101125598984E+02
   1.278        0.100008401052E+02
   1.282        0.989034901730E+01
   1.286        0.978107319981E+01
   1.291        0.967299936367E+01
   1.295        0.956611436400E+01
   1.299        0.946040519859E+01
   1.303        0.935585900636E+01
   1.307        0.925246306584E+01
   1.311        0.915020479369E+01
   1.315        0.904907174319E+01
   1.319        0.894905160278E+01
   1.323        0.885013219460E+01
   1.328        0.875230147307E+01
   1.332        0.865554752346E+01
   1.336        0.855985856047E+01
   1.340        0.846522292686E+01
   1.344        0.837162909204E+01
   1.348        0.827906565075E+01
   1.352        0.818752132167E+01
   1.356        0.809698494612E+01
   1.360        0.800744548670E+01
   1.365        0.791889202603E+01
   1.369        0.783131376542E+01
   1.373        0.774470002361E+01
   1.377        0.765904023552E+01
   1.381        0.757432395096E+01
   1.385        0.749054083341E+01
   1.389        0.740768065881E+01
   1.393        0.732573331433E+01
   1.397        0.724468879717E+01
   1.401        0.716453721340E+01
   1.406        0.708526877675E+01
   1.410        0.700687380747E+01
   1.414        0.692934273117E+01
   1.418        0.685266607769E+01
   1.422        0.677683448000E+01
   1.426        0.670183867304E+01
   1.430        0.662766949264E+01
   1.434        0.655431787444E+01
   1.438        0.648177485282E+01
   1.443        0.641003155980E+01
   1.447        0.633907922402E+01
   1.451        0.626890916968E+01
   1.455        0.619951281551E+01
   1.459        0.613088167375E+01
   1.463        0.606300734915E+01
   1.467        0.599588153794E+01
   1.471        0.592949602688E+01
   1.475        0.586384269226E+01
   1.480        0.579891349893E+01
   1.484        0.573470049937E+01
   1.488        0.567119583269E+01
   1.492        0.560839172376E+01
   1.496        0.554628048222E+01
   1.500        0.548485450161E+01
   1.504        0.542410625843E+01
   1.508        0.536402831126E+01
   1.512        0.530461329989E+01
   1.517        0.524585394439E+01
   1.521        0.518774304428E+01
   1.525        0.513027347768E+01
   1.529        0.507343820041E+01
   1.533        0.501723024521E+01
   1.537        0.496164272086E+01
   1.541        0.490666881137E+01
   1.545        0.485230177519E+01
   1.549        0.479853494435E+01
   1.554        0.474536172374E+01
   1.558        0.469277559023E+01
   1.562        0.464077009196E+01
   1.566        0.458933884756E+01
   1.570        0.453847554534E+01
   1.574        0.448817394259E+01
   1.578        0.443842786478E+01
   1.582        0.438923120489E+01
   1.586        0.434057792260E+01
   1.591        0.429246204362E+01
   1.595        0.424487765895E+01
   1.599        0.419781892420E+01
   1.603        0.415128005884E+01
   1.607        0.410525534556E+01
   1.611        0.405973912954E+01
   1.615        0.401472581781E+01
   1.619        0.397020987856E+01
   1.623        0.392618584046E+01
   1.628        0.388264829203E+01
   1.632        0.383959188100E+01
   1.636        0.379701131363E+01
   1.640        0.375490135408E+01
   1.644        0.371325682383E+01
   1.648        0.367207260099E+01
   1.652        0.363134361974E+01
   1.656        0.359106486967E+01
   1.660        0.355123139524E+01
   1.665        0.351183829512E+01
   1.669        0.347288072166E+01
   1.673        0.343435388024E+01
   1.677        0.339625302878E+01
   1.681        0.335857347707E+01
   1.685        0.332131058628E+01
   1.689        0.328445976840E+01
   1.693        0.324801648562E+01
   1.697        0.321197624986E+01
   1.702        0.317633462218E+01
   1.706        0.314108721230E+01
   1.710        0.310622967798E+01
   1.714        0.307175772460E+01
   1.718        0.303766710458E+01
   1.722        0.300395361686E+01
   1.726        0.297061310645E+01
   1.730        0.293764146388E+01
   1.734        0.290503462471E+01
   1.739        0.287278856907E+01
   1.743        0.284089932114E+01
   1.747        0.280936294868E+01
   1.751        0.277817556258E+01
   1.755        0.274733331635E+01
   1.759        0.271683240569E+01
   1.763        0.268666906802E+01
   1.767        0.265683958199E+01
   1.771        0.262734026712E+01
   1.775        0.259816748324E+01
   1.780        0.256931763015E+01
   1.784        0.254078714713E+01
   1.788        0.251257251251E+01
   1.792        0.248467024328E+01
   1.796        0.245707689463E+01
   1.800        0.242978905956E+01
   1.804        0.240280336845E+01
   1.808        0.237611648867E+01
   1.812        0.234972512415E+01
   1.817        0.232362601502E+01
   1.821        0.229781593718E+01
   1.825        0.227229170191E+01
   1.829        0.224705015553E+01
   1.833        0.222208817896E+01
   1.837        0.219740268738E+01
   1.841        0.217299062984E+01
   1.845        0.214884898888E+01
   1.849        0.212497478020E+01
   1.854        0.210136505228E+01
   1.858        0.207801688599E+01
   1.862        0.205492739429E+01
   1.866        0.203209372186E+01
   1.870        0.200951304471E+01
   1.874        0.198718256993E+01
   1.878        0.196509953527E+01
   1.882        0.194326120882E+01
   1.886        0.192166488871E+01
   1.891        0.190030790277E+01
   1.895        0.187918760817E+01
   1.899        0.185830139116E+01
   1.903        0.183764666670E+01
   1.907        0.181722087817E+01
   1.911        0.179702149707E+01
   1.915        0.177704602267E+01
   1.919        0.175729198177E+01
   1.923        0.173775692835E+01
   1.928        0.171843844327E+01
   1.932        0.169933413401E+01
   1.936        0.168044163437E+01
   1.940        0.166175860417E+01
   1.944        0.164328272896E+01
   1.948        0.162501171975E+01
   1.952        0.160694331274E+01
   1.956        0.158907526904E+01
   1.960        0.157140537437E+01
   1.965        0.155393143883E+01
   1.969        0.153665129661E+01
   1.973        0.151956280575E+01
   1.977        0.150266384783E+01
   1.981        0.148595232777E+01
   1.985        0.146942617354E+01
   1.989        0.145308333591E+01
   1.993        0.143692178823E+01
   1.997        0.142093952613E+01
   2.002        0.140513456733E+01
   2.006        0.138950495136E+01
   2.010        0.137404873934E+01
   2.014        0.135876401374E+01
   2.018        0.134364887815E+01
   2.022        0.132870145702E+01
   2.026        0.131391989549E+01
   2.030        0.129930235911E+01
   2.034        0.128484703363E+01
   2.039        0.127055212480E+01
   2.043        0.125641585811E+01
   2.047        0.124243647864E+01
   2.051        0.122861225075E+01
   2.055        0.121494145797E+01
   2.059        0.120142240272E+01
   2.063        0.118805340612E+01
   2.067        0.117483280781E+01
   2.071        0.116175896571E+01
   2.076        0.114883025584E+01
   2.080        0.113604507213E+01
   2.084        0.112340182620E+01
   2.088        0.111089894719E+01
   2.092        0.109853488153E+01
   2.096        0.108630809281E+01
   2.100        0.107421706154E+01
   2.104        0.106226028499E+01
   2.108        0.105043627698E+01
   2.113        0.103874356775E+01
   2.117        0.102718070372E+01
   2.121        0.101574624735E+01
   2.125        0.100443877696E+01
   2.129        0.993256886529E+00
   2.133        0.982199185565E+00
   2.137        0.971264298904E+00
   2.141        0.960450866553E+00
   2.145        0.949757543520E+00
   2.149        0.939182999652E+00
   2.154        0.928725919472E+00
   2.158        0.918385002014E+00
   2.162        0.908158960670E+00
   2.166        0.898046523027E+00
   2.170        0.888046430713E+00
   2.174        0.878157439243E+00
   2.178        0.868378317867E+00
   2.182        0.858707849417E+00
   2.186        0.849144830161E+00
   2.191        0.839688069653E+00
   2.195        0.830336390587E+00
   2.199        0.821088628654E+00
   2.203        0.811943632400E+00
   2.207        0.802900263080E+00
   2.211        0.793957394525E+00
   2.215        0.785113912999E+00
   2.219        0.776368717063E+00
   2.223        0.767720717442E+00
   2.228        0.759168836889E+00
   2.232        0.750712010056E+00
   2.236        0.742349183357E+00
   2.240        0.734079314846E+00
   2.244        0.725901374085E+00
   2.248        0.717814342018E+00
   2.252        0.709817210844E+00
   2.256        0.701908983898E+00
   2.260        0.694088675524E+00
   2.265        0.686355310957E+00
   2.269        0.678707926201E+00
   2.273        0.671145567911E+00
   2.277        0.663667293279E+00
   2.281        0.656272169910E+00
   2.285        0.648959275719E+00
   2.289        0.641727698806E+00
   2.293        0.634576537353E+00
   2.297        0.627504899509E+00
   2.302        0.620511903277E+00
   2.306        0.613596676415E+00
   2.310        0.606758356317E+00
   2.314        0.599996089917E+00
   2.318        0.593309033579E+00
   2.322        0.586696352992E+00
   2.326        0.580157223071E+00
   2.330        0.573690827855E+00
   2.334        0.567296360402E+00
   2.339        0.560973022696E+00
   2.343        0.554720025544E+00
   2.347        0.548536588481E+00
   2.351        0.542421939674E+00
   2.355        0.536375315827E+00
   2.359        0.530395962083E+00
   2.363        0.524483131939E+00
   2.367        0.518636087146E+00
   2.371        0.512854097623E+00
   2.376        0.507136441365E+00
   2.380        0.501482404354E+00
   2.384        0.495891280474E+00
   2.388        0.490362371418E+00
   2.392        0.484894986607E+00
   2.396        0.479488443104E+00
   2.400        0.474142065528E+00
   2.404        0.468855185971E+00
   2.408        0.463627143919E+00
   2.413        0.458457286165E+00
   2.417        0.453344966733E+00
   2.421        0.448289546797E+00
   2.425        0.443290394599E+00
   2.429        0.438346885378E+00
   2.433        0.433458401285E+00
   2.437        0.428624331314E+00
   2.441        0.423844071219E+00
   2.445        0.419117023447E+00
   2.450        0.414442597059E+00
   2.454        0.409820207660E+00
   2.458        0.405249277324E+00
   2.462        0.400729234526E+00
   2.466        0.396259514067E+00
   2.470        0.391839557010E+00
   2.474        0.387468810606E+00
   2.478        0.383146728228E+00
   2.482        0.378872769303E+00
   2.487        0.374646399243E+00
   2.491        0.370467089386E+00
   2.495        0.366334316921E+00
   2.499        0.362247564831E+00
   2.503        0.358206321825E+00
   2.507        0.354210082275E+00
   2.511        0.350258346158E+00
   2.515        0.346350618987E+00
   2.519        0.342486411756E+00
   2.524        0.338665240876E+00
   2.528        0.334886628116E+00
   2.532        0.331150100545E+00
   2.536        0.327455190471E+00
   2.540        0.323801435388E+00
   2.544        0.320188377912E+00
   2.548        0.316615565729E+00
   2.552        0.313082551539E+00
   2.556        0.309588892999E+00
   2.560        0.306134152667E+00
   2.565        0.302717897954E+00
   2.569        0.299339701062E+00
   2.573        0.295999138937E+00
   2.577        0.292695793214E+00
   2.581        0.289429250167E+00
   2.585        0.286199100656E+00
   2.589        0.283004940077E+00
   2.593        0.279846368313E+00
   2.597        0.276722989681E+00
   2.602        0.273634412889E+00
   2.606        0.270580250981E+00
   2.610        0.267560121292E+00
   2.614        0.264573645402E+00
   2.618        0.261620449088E+00
   2.622        0.258700162274E+00
   2.626        0.255812418992E+00
   2.630        0.252956857332E+00
   2.634        0.250133119396E+00
   2.639        0.247340851259E+00
   2.643        0.244579702920E+00
   2.647        0.241849328260E+00
   2.651        0.239149385001E+00
   2.655        0.236479534662E+00
   2.659        0.233839442515E+00
   2.663        0.231228777550E+00
   2.667        0.228647212424E+00
   2.671        0.226094423429E+00
   2.676        0.223570090450E+00
   2.680        0.221073896921E+00
   2.684        0.218605529791E+00
   2.688        0.216164679482E+00
   2.692        0.213751039851E+00
   2.696        0.211364308153E+00
   2.700        0.209004185003E+00
   2.704        0.206670374339E+00
   2.708        0.204362583385E+00
   2.713        0.202080522612E+00
   2.717        0.199823905709E+00
   2.721        0.197592449540E+00
   2.725        0.195385874113E+00
   2.729        0.193203902543E+00
   2.733        0.191046261020E+00
   2.737        0.188912678775E+00
   2.741        0.186802888042E+00
   2.745        0.184716624030E+00
   2.750        0.182653624886E+00
   2.754        0.180613631667E+00
   2.758        0.178596388303E+00
   2.762        0.176601641569E+00
   2.766        0.174629141050E+00
   2.770        0.172678639114E+00
   2.774        0.170749890877E+00
   2.778        0.168842654175E+00
   2.782        0.166956689534E+00
   2.787        0.165091760140E+00
   2.791        0.163247631808E+00
   2.795        0.161424072955E+00
   2.799        0.159620854569E+00
   2.803        0.157837750184E+00
   2.807        0.156074535848E+00
   2.811        0.154330990096E+00
   2.815        0.152606893925E+00
   2.819        0.150902030765E+00
   2.824        0.149216186449E+00
   2.828        0.147549149193E+00
   2.832        0.145900709564E+00
   2.836        0.144270660456E+00
   2.840        0.142658797066E+00
   2.844        0.141064916863E+00
   2.848        0.139488819571E+00
   2.852        0.137930307135E+00
   2.856        0.136389183704E+00
   2.861        0.134865255601E+00
   2.865        0.133358331305E+00
   2.869        0.131868221419E+00
   2.873        0.130394738655E+00
   2.877        0.128937697802E+00
   2.881        0.127496915713E+00
   2.885        0.126072211272E+00
   2.889        0.124663405378E+00
   2.893        0.123270320921E+00
   2.898        0.121892782760E+00
   2.902        0.120530617700E+00
   2.906        0.119183654471E+00
   2.910        0.117851723708E+00
   2.914        0.116534657929E+00
   2.918        0.115232291513E+00
   2.922        0.113944460681E+00
   2.926        0.112671003475E+00
   2.930        0.111411759738E+00
   2.934        0.110166571092E+00
   2.939        0.108935280923E+00
   2.943        0.107717734355E+00
   2.947        0.106513778238E+00
   2.951        0.105323261121E+00
   2.955        0.104146033242E+00
   2.959        0.102981946500E+00
   2.963        0.101830854443E+00
   2.967        0.100692612248E+00
   2.971        0.995670767022E-01
   2.976        0.984541061864E-01
   2.980        0.973535606556E-01
   2.984        0.962653016230E-01
   2.988        0.951891921419E-01
   2.992        0.941250967894E-01
   2.996        0.930728816488E-01
   3.000        0.920324142929E-01
   3.004        0.910035637681E-01
   3.008        0.899862005772E-01
   3.013        0.889801966640E-01
   3.017        0.879854253968E-01
   3.021        0.870017615529E-01
   3.025        0.860290813026E-01
   3.029        0.850672621943E-01
   3.033        0.841161831387E-01
   3.037        0.831757243936E-01
   3.041        0.822457675499E-01
   3.045        0.813261955157E-01
   3.050        0.804168925016E-01
   3.054        0.795177440077E-01
   3.058        0.786286368076E-01
   3.062        0.777494589353E-01
   3.066        0.768800996709E-01
   3.070        0.760204495265E-01
   3.074        0.751704002330E-01
   3.078        0.743298447262E-01
   3.082        0.734986771338E-01
   3.087        0.726767927616E-01
   3.091        0.718640880812E-01
   3.095        0.710604607158E-01
   3.099        0.702658094291E-01
   3.103        0.694800341114E-01
   3.107        0.687030357673E-01
   3.111        0.679347165036E-01
   3.115        0.671749795169E-01
   3.119        0.664237290816E-01
   3.124        0.656808705378E-01
   3.128        0.649463102793E-01
   3.132        0.642199557425E-01
   3.136        0.635017153941E-01
   3.140        0.627914987199E-01
   3.144        0.620892162140E-01
   3.148        0.613947793667E-01
   3.152        0.607081006540E-01
   3.156        0.600290935269E-01
   3.161        0.593576723998E-01
   3.165        0.586937526402E-01
   3.169        0.580372505584E-01
   3.173        0.573880833965E-01
   3.177        0.567461693182E-01
   3.181        0.561114273991E-01
   3.185        0.554837776156E-01
   3.189        0.548631408356E-01
   3.193        0.542494388083E-01
   3.198        0.536425941546E-01
   3.202        0.530425303572E-01
   3.206        0.524491717514E-01
   3.210        0.518624435150E-01
   3.214        0.512822716595E-01
   3.218        0.507085830205E-01
   3.222        0.501413052490E-01
   3.226        0.495803668013E-01
   3.230        0.490256969314E-01
   3.235        0.484772256813E-01
   3.239        0.479348838720E-01
   3.243        0.473986030960E-01
   3.247        0.468683157073E-01
   3.251        0.463439548141E-01
   3.255        0.458254542696E-01
   3.259        0.453127486641E-01
   3.263        0.448057733169E-01
   3.267        0.443044642680E-01
   3.272        0.438087582701E-01
   3.276        0.433185927807E-01
   3.280        0.428339059541E-01
   3.284        0.423546366341E-01
   3.288        0.418807243457E-01
   3.292        0.414121092882E-01
   3.296        0.409487323275E-01
   3.300        0.404905349878E-01
   3.304        0.400374594460E-01
   3.309        0.395894485229E-01
   3.313        0.391464456767E-01
   3.317        0.387083949959E-01
   3.321        0.382752411921E-01
   3.325        0.378469295933E-01
   3.329        0.374234061371E-01
   3.333        0.370046173632E-01
   3.337        0.365905104078E-01
   3.341        0.361810329961E-01
   3.345        0.357761334360E-01
   3.350        0.353757606121E-01
   3.354        0.349798639784E-01
   3.358        0.345883935527E-01
   3.362        0.342012999098E-01
   3.366        0.338185341757E-01
   3.370        0.334400480212E-01
   3.374        0.330657936564E-01
   3.378        0.326957238237E-01
   3.382        0.323297917927E-01
   3.387        0.319679513540E-01
   3.391        0.316101568135E-01
   3.395        0.312563629866E-01
   3.399        0.309065251926E-01
   3.403        0.305605992487E-01
   3.407        0.302185414655E-01
   3.411        0.298803086403E-01
   3.415        0.295458580523E-01
   3.419        0.292151474572E-01
   3.424        0.288881350818E-01
   3.428        0.285647796187E-01
   3.432        0.282450402215E-01
   3.436        0.279288764989E-01
   3.440        0.276162485106E-01
   3.444        0.273071167614E-01
   3.448        0.270014421969E-01
   3.452        0.266991861982E-01
   3.456        0.264003105771E-01
   3.461        0.261047775714E-01
   3.465        0.258125498403E-01
   3.469        0.255235904594E-01
   3.473        0.252378629162E-01
   3.477        0.249553311055E-01
   3.481        0.246759593249E-01
   3.485        0.243997122703E-01
   3.489        0.241265550317E-01
   3.493        0.238564530881E-01
   3.498        0.235893723039E-01
   3.502        0.233252789246E-01
   3.506        0.230641395716E-01
   3.510        0.228059212396E-01
   3.514        0.225505912908E-01
   3.518        0.222981174520E-01
   3.522        0.220484678100E-01
   3.526        0.218016108076E-01
   3.530        0.215575152399E-01
   3.535        0.213161502503E-01
   3.539        0.210774853260E-01
   3.543        0.208414902953E-01
   3.547        0.206081353228E-01
   3.551        0.203773909061E-01
   3.555        0.201492278724E-01
   3.559        0.199236173739E-01
   3.563        0.197005308852E-01
   3.567        0.194799401989E-01
   3.572        0.192618174231E-01
   3.576        0.190461349762E-01
   3.580        0.188328655852E-01
   3.584        0.186219822809E-01
   3.588        0.184134583959E-01
   3.592        0.182072675597E-01
   3.596        0.180033836965E-01
   3.600        0.178017810217E-01
   3.604        0.176024340383E-01
   3.609        0.174053175336E-01
   3.613        0.172104065771E-01
   3.617        0.170176765158E-01
   3.621        0.168271029727E-01
   3.625        0.166386618422E-01
   3.629        0.164523292882E-01
   3.633        0.162680817406E-01
   3.637        0.160858958925E-01
   3.641        0.159057486972E-01
   3.646        0.157276173651E-01
   3.650        0.155514793612E-01
   3.654        0.153773124022E-01
   3.658        0.152050944533E-01
   3.662        0.150348037262E-01
   3.666        0.148664186752E-01
   3.670        0.146999179958E-01
   3.674        0.145352806210E-01
   3.678        0.143724857192E-01
   3.683        0.142115126914E-01
   3.687        0.140523411685E-01
   3.691        0.138949510090E-01
   3.695        0.137393222961E-01
   3.699        0.135854353358E-01
   3.703        0.134332706535E-01
   3.707        0.132828089926E-01
   3.711        0.131340313111E-01
   3.715        0.129869187799E-01
   3.719        0.128414527802E-01
   3.724        0.126976149010E-01
   3.728        0.125553869370E-01
   3.732        0.124147508864E-01
   3.736        0.122756889480E-01
   3.740        0.121381835198E-01
   3.744        0.120022171966E-01
   3.748        0.118677727668E-01
   3.752        0.117348332118E-01
   3.756        0.116033817027E-01
   3.761        0.114734015988E-01
   3.765        0.113448764450E-01
   3.769        0.112177899704E-01
   3.773        0.110921260855E-01
   3.777        0.109678688807E-01
   3.781        0.108450026240E-01
   3.785        0.107235117595E-01
   3.789        0.106033809044E-01
   3.793        0.104845948484E-01
   3.798        0.103671385510E-01
   3.802        0.102509971393E-01
   3.806        0.101361559069E-01
   3.810        0.100226003116E-01
   3.814        0.991031597380E-02
   3.818        0.979928867434E-02
   3.822        0.968950435333E-02
   3.826        0.958094910754E-02
   3.830        0.947360918906E-02
   3.835        0.936747100377E-02
   3.839        0.926252110958E-02
   3.843        0.915874621433E-02
   3.847        0.905613317457E-02
   3.851        0.895466899374E-02
   3.855        0.885434081999E-02
   3.859        0.875513594588E-02
   3.863        0.865704180535E-02
   3.867        0.856004597290E-02
   3.872        0.846413616205E-02
   3.876        0.836930022342E-02
   3.880        0.827552614385E-02
   3.884        0.818280204351E-02
   3.888        0.809111617627E-02
   3.892        0.800045692677E-02
   3.896        0.791081280954E-02
   3.900        0.782217246763E-02
   3.904        0.773452467070E-02
   3.909        0.764785831439E-02
   3.913        0.756216241791E-02
   3.917        0.747742612350E-02
   3.921        0.739363869502E-02
   3.925        0.731078951571E-02
   3.929        0.722886808774E-02
   3.933        0.714786403069E-02
   3.937        0.706776708034E-02
   3.941        0.698856708664E-02
   3.946        0.691025401352E-02
   3.950        0.683281793681E-02
   3.954        0.675624904363E-02
   3.958        0.668053763025E-02
   3.962        0.660567410182E-02
   3.966        0.653164897062E-02
   3.970        0.645845285499E-02
   3.974        0.638607647807E-02
   3.978        0.631451066681E-02
   3.983        0.624374635083E-02
   3.987        0.617377456069E-02
   3.991        0.610458642768E-02
   3.995        0.603617318211E-02
   3.999        0.596852615217E-02
   4.003        0.590163676327E-02
   4.007        0.583549653629E-02
   4.011        0.577009708752E-02
   4.015        0.570543012634E-02
   4.020        0.564148745548E-02
   4.024        0.557826096860E-02
   4.028        0.551574265057E-02
   4.032        0.545392457525E-02
   4.036        0.539279890586E-02
   4.040        0.533235789305E-02
   4.044        0.527259387366E-02
   4.048        0.521349927067E-02
   4.052        0.515506659156E-02
   4.057        0.509728842781E-02
   4.061        0.504015745355E-02
   4.065        0.498366642489E-02
   4.069        0.492780817888E-02
   4.073        0.487257563282E-02
   4.077        0.481796178315E-02
   4.081        0.476395970441E-02
   4.085        0.471056254901E-02
   4.089        0.465776354542E-02
   4.094        0.460555599852E-02
   4.098        0.455393328741E-02
   4.102        0.450288886555E-02
   4.106        0.445241625948E-02
   4.110        0.440250906820E-02
   4.114        0.435316096252E-02
   4.118        0.430436568365E-02
   4.122        0.425611704316E-02
   4.126        0.420840892150E-02
   4.130        0.416123526759E-02
   4.135        0.411459009831E-02
   4.139        0.406846749729E-02
   4.143        0.402286161443E-02
   4.147        0.397776666489E-02
   4.151        0.393317692851E-02
   4.155        0.388908674938E-02
   4.159        0.384549053479E-02
   4.163        0.380238275432E-02
   4.167        0.375975793963E-02
   4.172        0.371761068357E-02
   4.176        0.367593563954E-02
   4.180        0.363472752031E-02
   4.184        0.359398109822E-02
   4.188        0.355369120405E-02
   4.192        0.351385272620E-02
   4.196        0.347446061062E-02
   4.200        0.343550985940E-02
   4.204        0.339699553081E-02
   4.209        0.335891273812E-02
   4.213        0.332125664954E-02
   4.217        0.328402248726E-02
   4.221        0.324720552692E-02
   4.225        0.321080109711E-02
   4.229        0.317480457841E-02
   4.233        0.313921140321E-02
   4.237        0.310401705519E-02
   4.241        0.306921706817E-02
   4.246        0.303480702644E-02
   4.250        0.300078256328E-02
   4.254        0.296713936109E-02
   4.258        0.293387315037E-02
   4.262        0.290097970958E-02
   4.266        0.286845486437E-02
   4.270        0.283629448700E-02
   4.274        0.280449449588E-02
   4.278        0.277305085513E-02
   4.283        0.274195957411E-02
   4.287        0.271121670698E-02
   4.291        0.268081835168E-02
   4.295        0.265076065011E-02
   4.299        0.262103978719E-02
   4.303        0.259165199054E-02
   4.307        0.256259353012E-02
   4.311        0.253386071745E-02
   4.315        0.250544990570E-02
   4.320        0.247735748837E-02
   4.324        0.244957989946E-02
   4.328        0.242211361308E-02
   4.332        0.239495514256E-02
   4.336        0.236810104036E-02
   4.340        0.234154789757E-02
   4.344        0.231529234316E-02
   4.348        0.228933104427E-02
   4.352        0.226366070513E-02
   4.357        0.223827806667E-02
   4.361        0.221317990656E-02
   4.365        0.218836303850E-02
   4.369        0.216382431165E-02
   4.373        0.213956061054E-02
   4.377        0.211556885472E-02
   4.381        0.209184599805E-02
   4.385        0.206838902852E-02
   4.389        0.204519496799E-02
   4.394        0.202226087129E-02
   4.398        0.199958382655E-02
   4.402        0.197716095443E-02
   4.406        0.195498940764E-02
   4.410        0.193306637095E-02
   4.414        0.191138906052E-02
   4.418        0.188995472388E-02
   4.422        0.186876063901E-02
   4.426        0.184780411485E-02
   4.431        0.182708248997E-02
   4.435        0.180659313298E-02
   4.439        0.178633344183E-02
   4.443        0.176630084377E-02
   4.447        0.174649279472E-02
   4.451        0.172690677925E-02
   4.455        0.170754030989E-02
   4.459        0.168839092703E-02
   4.463        0.166945619878E-02
   4.468        0.165073372034E-02
   4.472        0.163222111371E-02
   4.476        0.161391602762E-02
   4.480        0.159581613730E-02
   4.484        0.157791914376E-02
   4.488        0.156022277383E-02
   4.492        0.154272477971E-02
   4.496        0.152542293915E-02
   4.500        0.150831505425E-02
   4.504        0.149139895200E-02
   4.509        0.147467248371E-02
   4.513        0.145813352469E-02
   4.517        0.144177997402E-02
   4.521        0.142560975439E-02
   4.525        0.140962081161E-02
   4.529        0.139381111467E-02
   4.533        0.137817865527E-02
   4.537        0.136272144721E-02
   4.541        0.134743752722E-02
   4.546        0.133232495352E-02
   4.550        0.131738180642E-02
   4.554        0.130260618721E-02
   4.558        0.128799621882E-02
   4.562        0.127355004508E-02
   4.566        0.125926583075E-02
   4.570        0.124514176105E-02
   4.574        0.123117604130E-02
   4.578        0.121736689721E-02
   4.583        0.120371257424E-02
   4.587        0.119021133764E-02
   4.591        0.117686147200E-02
   4.595        0.116366128077E-02
   4.599        0.115060908695E-02
   4.603        0.113770323219E-02
   4.607        0.112494207667E-02
   4.611        0.111232399865E-02
   4.615        0.109984739493E-02
   4.620        0.108751068001E-02
   4.624        0.107531228628E-02
   4.628        0.106325066372E-02
   4.632        0.105132427939E-02
   4.636        0.103953161783E-02
   4.640        0.102787118055E-02
   4.644        0.101634148564E-02
   4.648        0.100494106800E-02
   4.652        0.993668478714E-03
   4.657        0.982522285312E-03
   4.661        0.971501071149E-03
   4.665        0.960603435715E-03
   4.669        0.949827993963E-03
   4.673        0.939173376310E-03
   4.677        0.928638228856E-03
   4.681        0.918221212601E-03
   4.685        0.907921003545E-03
   4.689        0.897736292472E-03
   4.694        0.887665784944E-03
   4.698        0.877708201074E-03
   4.702        0.867862275186E-03
   4.706        0.858126755816E-03
   4.710        0.848500405482E-03
   4.714        0.838982000687E-03
   4.718        0.829570331575E-03
   4.722        0.820264201707E-03
   4.726        0.811062428284E-03
   4.731        0.801963841809E-03
   4.735        0.792967285292E-03
   4.739        0.784071615499E-03
   4.743        0.775275701358E-03
   4.747        0.766578424873E-03
   4.751        0.757978680440E-03
   4.755        0.749475374732E-03
   4.759        0.741067426929E-03
   4.763        0.732753768034E-03
   4.768        0.724533341327E-03
   4.772        0.716405101571E-03
   4.776        0.708368015466E-03
   4.780        0.700421061424E-03
   4.784        0.692563228881E-03
   4.788        0.684793518872E-03
   4.792        0.677110943798E-03
   4.796        0.669514526635E-03
   4.800        0.662003301613E-03
   4.805        0.654576313877E-03
   4.809        0.647232619258E-03
   4.813        0.639971283931E-03
   4.817        0.632791384533E-03
   4.821        0.625692008384E-03
   4.825        0.618672252699E-03
   4.829        0.611731224808E-03
   4.833        0.604868042274E-03
   4.837        0.598081832436E-03
   4.842        0.591371732526E-03
   4.846        0.584736889095E-03
   4.850        0.578176458589E-03
   4.854        0.571689606886E-03
   4.858        0.565275508961E-03
   4.862        0.558933349112E-03
   4.866        0.552662321184E-03
   4.870        0.546461627550E-03
   4.874        0.540330479680E-03
   4.878        0.534268097908E-03
   4.883        0.528273711211E-03
   4.887        0.522346557204E-03
   4.891        0.516485882372E-03
   4.895        0.510690941383E-03
   4.899        0.504960997318E-03
   4.903        0.499295321333E-03
   4.907        0.493693192880E-03
   4.911        0.488153899482E-03
   4.915        0.482676736738E-03
   4.920        0.477261008086E-03
   4.924        0.471906024700E-03
   4.928        0.466611105594E-03
   4.932        0.461375577174E-03
   4.936        0.456198773577E-03
   4.940        0.451080036441E-03
   4.944        0.446018714797E-03
   4.948        0.441014164721E-03
   4.952        0.436065749795E-03
   4.957        0.431172840649E-03
   4.961        0.426334814847E-03
   4.965        0.421551057116E-03
   4.969        0.416820959003E-03
   4.973        0.412143918652E-03
   4.977        0.407519341366E-03
   4.981        0.402946638815E-03
   4.985        0.398425229264E-03
   4.989        0.393954537685E-03
   4.994        0.389533995303E-03
