   0.000        0.305092024407E+03
   0.005        0.301495826266E+03
   0.010        0.297899628124E+03
   0.014        0.294303429983E+03
   0.019        0.290707231842E+03
   0.024        0.287143764768E+03
   0.029        0.283589633263E+03
   0.034        0.280083355866E+03
   0.038        0.276592392095E+03
   0.043        0.273156125998E+03
   0.048        0.269738287465E+03
   0.053        0.266378116101E+03
   0.058        0.263037653513E+03
   0.062        0.259755938868E+03
   0.067        0.256494148257E+03
   0.072        0.253291241140E+03
   0.077        0.250107884055E+03
   0.082        0.246983068499E+03
   0.086        0.243877115315E+03
   0.091        0.240829122734E+03
   0.096        0.237799144903E+03
   0.101        0.234826431630E+03
   0.105        0.231870809534E+03
   0.110        0.228971705750E+03
   0.115        0.226088738948E+03
   0.120        0.223261528153E+03
   0.125        0.220449493724E+03
   0.129        0.217692454861E+03
   0.134        0.214949638082E+03
   0.139        0.212261067608E+03
   0.144        0.209585777866E+03
   0.149        0.206964001087E+03
   0.153        0.204354579903E+03
   0.158        0.201797956566E+03
   0.163        0.199252781419E+03
   0.168        0.196759708233E+03
   0.173        0.194277194138E+03
   0.177        0.191846105674E+03
   0.182        0.189424705570E+03
   0.187        0.187054074285E+03
   0.192        0.184692278801E+03
   0.197        0.182380614622E+03
   0.201        0.180076951513E+03
   0.206        0.177822801182E+03
   0.211        0.175575834603E+03
   0.216        0.173377780908E+03
   0.221        0.171186110609E+03
   0.225        0.169042771567E+03
   0.230        0.166905032056E+03
   0.235        0.164815060075E+03
   0.240        0.162729919769E+03
   0.245        0.160692000816E+03
   0.249        0.158658161200E+03
   0.254        0.156671013969E+03
   0.259        0.154687208765E+03
   0.264        0.152749583871E+03
   0.269        0.150814578221E+03
   0.273        0.148925257402E+03
   0.278        0.147037847072E+03
   0.283        0.145195642414E+03
   0.288        0.143354653005E+03
   0.292        0.141558406185E+03
   0.297        0.139762692373E+03
   0.302        0.138011273922E+03
   0.307        0.136259718707E+03
   0.312        0.134552027292E+03
   0.316        0.132843541266E+03
   0.321        0.131178502990E+03
   0.326        0.129512023622E+03
   0.331        0.127888591348E+03
   0.336        0.126263082285E+03
   0.340        0.124680234972E+03
   0.345        0.123094685355E+03
   0.350        0.121551427415E+03
   0.355        0.120004851212E+03
   0.360        0.118500211892E+03
   0.364        0.116991647241E+03
   0.369        0.115524680016E+03
   0.374        0.114053188585E+03
   0.379        0.112622970571E+03
   0.384        0.111187636934E+03
   0.388        0.109793268323E+03
   0.393        0.108393199344E+03
   0.398        0.107033802855E+03
   0.403        0.105668127084E+03
   0.408        0.104342847429E+03
   0.412        0.103010714516E+03
   0.417        0.101718717892E+03
   0.422        0.100419298002E+03
   0.427        0.991597715946E+02
   0.432        0.978922548419E+02
   0.436        0.966644063478E+02
   0.441        0.954280022343E+02
   0.446        0.942310594066E+02
   0.451        0.930249962694E+02
   0.456        0.918582064773E+02
   0.460        0.906817309450E+02
   0.465        0.895443607534E+02
   0.470        0.883967372088E+02
   0.475        0.872880719773E+02
   0.479        0.861685820258E+02
   0.484        0.850879255262E+02
   0.489        0.839958674696E+02
   0.494        0.829425415233E+02
   0.499        0.818772298372E+02
   0.503        0.808505739723E+02
   0.508        0.798113387866E+02
   0.513        0.788107099159E+02
   0.518        0.777968964970E+02
   0.523        0.768216686161E+02
   0.527        0.758326368499E+02
   0.532        0.748822007578E+02
   0.537        0.739173246317E+02
   0.542        0.729910876728E+02
   0.547        0.720497547558E+02
   0.551        0.711471405860E+02
   0.556        0.702287515053E+02
   0.561        0.693491998812E+02
   0.566        0.684531677941E+02
   0.571        0.675961343880E+02
   0.575        0.667218844463E+02
   0.580        0.658868406872E+02
   0.585        0.650338094943E+02
   0.590        0.642202424362E+02
   0.595        0.633878774931E+02
   0.599        0.625952897129E+02
   0.604        0.617830488521E+02
   0.609        0.610109583775E+02
   0.614        0.602183091823E+02
   0.619        0.594662494525E+02
   0.623        0.586926686599E+02
   0.628        0.579601885202E+02
   0.633        0.572051614041E+02
   0.638        0.564918251373E+02
   0.643        0.557548448694E+02
   0.647        0.550602322662E+02
   0.652        0.543407992527E+02
   0.657        0.536645057229E+02
   0.662        0.529621269122E+02
   0.666        0.523037636407E+02
   0.671        0.516179518005E+02
   0.676        0.509771459507E+02
   0.681        0.503074189090E+02
   0.686        0.496838138765E+02
   0.690        0.490296937244E+02
   0.695        0.484229494460E+02
   0.700        0.477839616965E+02
   0.705        0.471937550172E+02
   0.710        0.465694277158E+02
   0.714        0.459954528193E+02
   0.719        0.453853156023E+02
   0.724        0.448272845091E+02
   0.729        0.442308676028E+02
   0.734        0.436885107418E+02
   0.738        0.431053438976E+02
   0.743        0.425784107566E+02
   0.748        0.420080221154E+02
   0.753        0.414962819769E+02
   0.758        0.409381968561E+02
   0.762        0.404414396251E+02
   0.767        0.398951792204E+02
   0.772        0.394132163521E+02
   0.777        0.388782963461E+02
   0.782        0.384109618811E+02
   0.786        0.378868909508E+02
   0.791        0.374340426666E+02
   0.796        0.369203208791E+02
   0.801        0.364818415677E+02
   0.806        0.359779586546E+02
   0.810        0.355537575370E+02
   0.815        0.350591910361E+02
   0.820        0.346492053238E+02
   0.825        0.341634185767E+02
   0.830        0.337676151938E+02
   0.834        0.332900551853E+02
   0.839        0.329084326632E+02
   0.844        0.324385276895E+02
   0.849        0.320711182504E+02
   0.853        0.316082753998E+02
   0.858        0.312551472426E+02
   0.863        0.307987496732E+02
   0.868        0.304600094804E+02
   0.873        0.300094134760E+02
   0.877        0.296852091594E+02
   0.882        0.292397409444E+02
   0.887        0.289302646497E+02
   0.892        0.284892169423E+02
   0.897        0.281947083344E+02
   0.901        0.277573366149E+02
   0.906        0.274780864673E+02
   0.911        0.270436049366E+02
   0.916        0.267799590506E+02
   0.921        0.263475362533E+02
   0.925        0.260998997346E+02
   0.930        0.256686538156E+02
   0.935        0.254374957380E+02
   0.940        0.250064893038E+02
   0.945        0.247923477934E+02
   0.949        0.243605823418E+02
   0.954        0.241640701156E+02
   0.959        0.237304799983E+02
   0.964        0.235522903962E+02
   0.969        0.231157362743E+02
   0.973        0.229566498262E+02
   0.978        0.225159115746E+02
   0.983        0.223768031461E+02
   0.988        0.219305721615E+02
   0.993        0.218124187281E+02
   0.997        0.213592895882E+02
   1.002        0.212631786894E+02
   1.007        0.208016401101E+02
   1.012        0.207287790409E+02
   1.017        0.202572040712E+02
   1.021        0.202089298728E+02
   1.026        0.197255652636E+02
   1.031        0.197033555790E+02
   1.036        0.192152863667E+02
   1.040        0.192117951240E+02
   1.045        0.187359548747E+02
   1.050        0.187340023544E+02
   1.055        0.182700600318E+02
   1.060        0.182697463584E+02
   1.064        0.178173770182E+02
   1.069        0.178188118773E+02
   1.074        0.173776963223E+02
   1.079        0.173809997717E+02
   1.084        0.169508241985E+02
   1.088        0.169561275469E+02
   1.093        0.165365831822E+02
   1.098        0.165440299428E+02
   1.103        0.161348126682E+02
   1.108        0.161445595911E+02
   1.112        0.157453695546E+02
   1.117        0.157575877468E+02
   1.122        0.153681289599E+02
   1.127        0.153830050985E+02
   1.132        0.150029850169E+02
   1.136        0.150207226641E+02
   1.141        0.146498517504E+02
   1.146        0.146706727778E+02
   1.151        0.143086640438E+02
   1.156        0.143328101764E+02
   1.160        0.139793787034E+02
   1.165        0.140071131917E+02
   1.170        0.136619756263E+02
   1.175        0.136935850575E+02
   1.180        0.133564590805E+02
   1.184        0.133922553411E+02
   1.189        0.130628591062E+02
   1.194        0.131031815068E+02
   1.199        0.127812330480E+02
   1.204        0.128264506247E+02
   1.208        0.125116672268E+02
   1.213        0.125621812341E+02
   1.218        0.122708517812E+02
   1.223        0.123105253743E+02
   1.228        0.120453284094E+02
   1.232        0.120716707966E+02
   1.237        0.118334269192E+02
   1.242        0.118458433711E+02
   1.247        0.116354451580E+02
   1.251        0.116333097043E+02
   1.256        0.114517261112E+02
   1.261        0.114343799843E+02
   1.266        0.112826610247E+02
   1.271        0.112494110712E+02
   1.275        0.111286927916E+02
   1.280        0.110788098532E+02
   1.285        0.109903196212E+02
   1.290        0.109230368880E+02
   1.295        0.108680990152E+02
   1.299        0.107826103549E+02
   1.304        0.107626520730E+02
   1.309        0.106652949654E+02
   1.314        0.106746681537E+02
   1.319        0.106548803963E+02
   1.323        0.106049099220E+02
   1.328        0.106655052568E+02
   1.333        0.105542188084E+02
   1.338        0.106982094328E+02
   1.343        0.105235209167E+02
   1.347        0.107541277286E+02
   1.352        0.105138334139E+02
   1.357        0.108344967631E+02
   1.362        0.105686024953E+02
   1.367        0.109406624073E+02
   1.371        0.106725731135E+02
   1.376        0.110740878044E+02
   1.381        0.108031535912E+02
   1.386        0.112363620178E+02
   1.391        0.109618958090E+02
   1.395        0.114292093540E+02
   1.400        0.111504837103E+02
   1.405        0.116544994133E+02
   1.410        0.113707431161E+02
   1.415        0.119142579244E+02
   1.419        0.116246523061E+02
   1.424        0.122106784214E+02
   1.429        0.119143534229E+02
   1.434        0.125461348303E+02
   1.438        0.122883880937E+02
   1.443        0.129231950333E+02
   1.448        0.127293183491E+02
   1.453        0.133446354865E+02
   1.458        0.132142163506E+02
   1.462        0.138134569733E+02
   1.467        0.137459799998E+02
   1.472        0.143329015786E+02
   1.477        0.143277301464E+02
   1.482        0.149064709804E+02
   1.486        0.149628269385E+02
   1.491        0.155379461588E+02
   1.496        0.156548874065E+02
   1.501        0.162314086319E+02
   1.506        0.164078043720E+02
   1.510        0.169912633364E+02
   1.515        0.172257667805E+02
   1.520        0.178222632809E+02
   1.525        0.181132815679E+02
   1.530        0.187295361062E+02
   1.534        0.190751971732E+02
   1.539        0.197186127023E+02
   1.544        0.201167288241E+02
   1.549        0.207954580394E+02
   1.554        0.212434857277E+02
   1.558        0.219665043844E+02
   1.563        0.224615003104E+02
   1.568        0.232386870864E+02
   1.573        0.237772596624E+02
   1.578        0.246194831311E+02
   1.582        0.251977393523E+02
   1.587        0.261169526763E+02
   1.592        0.267304397918E+02
   1.597        0.277397837996E+02
   1.602        0.283834253425E+02
   1.606        0.294973407071E+02
   1.611        0.301653663732E+02
   1.616        0.313997156693E+02
   1.621        0.320855844898E+02
   1.625        0.334577849733E+02
   1.630        0.341541011792E+02
   1.635        0.356832692015E+02
   1.640        0.363816901240E+02
   1.645        0.380887981712E+02
   1.649        0.387799334680E+02
   1.654        0.406879808957E+02
   1.659        0.413612823311E+02
   1.664        0.434954809548E+02
   1.669        0.441391218946E+02
   1.673        0.465270976941E+02
   1.678        0.471278414055E+02
   1.683        0.497998537031E+02
   1.688        0.503429094715E+02
   1.693        0.533320890575E+02
   1.697        0.538009550487E+02
   1.702        0.571435628506E+02
   1.707        0.575198545543E+02
   1.712        0.612555625765E+02
   1.717        0.615188255685E+02
   1.721        0.656910219734E+02
   1.726        0.658185276275E+02
   1.731        0.704746479808E+02
   1.736        0.704411706455E+02
   1.741        0.756330575182E+02
   1.745        0.754106315449E+02
   1.750        0.811949248427E+02
   1.755        0.807525797207E+02
   1.760        0.871911403077E+02
   1.765        0.864946120091E+02
   1.769        0.936549814020E+02
   1.774        0.926663978841E+02
   1.779        0.100622297024E+03
   1.784        0.999959823102E+02
   1.789        0.108131706012E+03
   1.793        0.107905046268E+03
   1.798        0.116224811038E+03
   1.803        0.116416822798E+03
   1.808        0.124946429055E+03
   1.812        0.125577906195E+03
   1.817        0.134344839573E+03
   1.822        0.135438482508E+03
   1.827        0.144472052161E+03
   1.832        0.146052607249E+03
   1.836        0.155384094639E+03
   1.841        0.157478504594E+03
   1.846        0.167141323595E+03
   1.851        0.169778889732E+03
   1.856        0.179808758927E+03
   1.860        0.183021316180E+03
   1.865        0.193456444293E+03
   1.870        0.197278549963E+03
   1.875        0.208159835459E+03
   1.880        0.212628972775E+03
   1.884        0.224000218728E+03
   1.889        0.229157016343E+03
   1.894        0.241065161766E+03
   1.899        0.246953630432E+03
   1.904        0.259448999332E+03
   1.908        0.266116787082E+03
   1.913        0.279253356640E+03
   1.918        0.286752023896E+03
   1.923        0.300587713251E+03
   1.928        0.308973029402E+03
   1.932        0.323570010636E+03
   1.937        0.332902273760E+03
   1.942        0.348327306815E+03
   1.947        0.358671688315E+03
   1.952        0.374996481701E+03
   1.956        0.386423397798E+03
   1.961        0.403724997099E+03
   1.966        0.416310509248E+03
   1.971        0.434671715576E+03
   1.976        0.448497962063E+03
   1.980        0.468007782802E+03
   1.985        0.483163443912E+03
   1.990        0.503917578243E+03
   1.995        0.520498377623E+03
   1.999        0.542599739548E+03
   2.004        0.560708984547E+03
   2.009        0.584268266312E+03
   2.014        0.604017430344E+03
   2.019        0.629153709402E+03
   2.023        0.650663059561E+03
   2.028        0.677504452465E+03
   2.033        0.700903725917E+03
   2.038        0.729588092770E+03
   2.043        0.755017225702E+03
   2.047        0.785692929108E+03
   2.052        0.813302842303E+03
   2.057        0.846129565035E+03
   2.062        0.876083010468E+03
   2.067        0.911232636430E+03
   2.071        0.943705109611E+03
   2.076        0.981362672993E+03
   2.081        0.101654339617E+04
   2.086        0.105690810410E+04
   2.091        0.109500108581E+04
   2.095        0.113828742020E+04
   2.100        0.117951259707E+04
   2.105        0.122595150183E+04
   2.110        0.127054596907E+04
   2.115        0.132038612929E+04
   2.119        0.136860546669E+04
   2.124        0.142211468694E+04
   2.129        0.147423438781E+04
   2.134        0.153170107728E+04
   2.139        0.158801808836E+04
   2.143        0.164975286105E+04
   2.148        0.171058724193E+04
   2.153        0.177692464103E+04
   2.158        0.184262135240E+04
   2.163        0.191392170819E+04
   2.167        0.198485253893E+04
   2.172        0.206150397088E+04
   2.177        0.213873597351E+04
   2.182        0.222049018882E+04
   2.186        0.230862052014E+04
   2.191        0.239696959250E+04
   2.196        0.249195710771E+04
   2.201        0.258746637469E+04
   2.206        0.268980746758E+04
   2.210        0.279303767516E+04
   2.215        0.290331693523E+04
   2.220        0.301487309199E+04
   2.225        0.313372102072E+04
   2.230        0.325425587317E+04
   2.234        0.338235249464E+04
   2.239        0.351257027537E+04
   2.244        0.365064903012E+04
   2.249        0.379130950008E+04
   2.254        0.394016144431E+04
   2.258        0.409208425227E+04
   2.263        0.425256258644E+04
   2.268        0.441663197048E+04
   2.273        0.458965692305E+04
   2.278        0.476682678088E+04
   2.282        0.495339087499E+04
   2.287        0.514469023200E+04
   2.292        0.534586396518E+04
   2.297        0.555240287138E+04
   2.302        0.576934084054E+04
   2.306        0.599231672998E+04
   2.311        0.622626423661E+04
   2.316        0.646696878547E+04
   2.321        0.671926895875E+04
   2.326        0.697909548119E+04
   2.330        0.725119695939E+04
   2.335        0.753164838332E+04
   2.340        0.782511359736E+04
   2.345        0.812781106541E+04
   2.350        0.844432517171E+04
   2.354        0.877101731653E+04
   2.359        0.911239782993E+04
   2.364        0.946497077643E+04
   2.369        0.983317795810E+04
   2.373        0.102136661097E+05
   2.378        0.106108141691E+05
   2.383        0.110214118394E+05
   2.388        0.114497810137E+05
   2.393        0.118963746286E+05
   2.397        0.123610744835E+05
   2.402        0.128457708043E+05
   2.407        0.133474907098E+05
   2.412        0.138705952635E+05
   2.417        0.144122632288E+05
   2.421        0.149768186712E+05
   2.426        0.155615938755E+05
   2.431        0.161708829281E+05
   2.436        0.168021739210E+05
   2.441        0.174597382741E+05
   2.445        0.181412226075E+05
   2.450        0.188508833094E+05
   2.455        0.195865287111E+05
   2.460        0.203524081592E+05
   2.465        0.211464953708E+05
   2.469        0.219730410303E+05
   2.474        0.228301884396E+05
   2.479        0.237221984255E+05
   2.484        0.246473886333E+05
   2.489        0.256100393023E+05
   2.493        0.266086477765E+05
   2.498        0.276475234855E+05
   2.503        0.287253494658E+05
   2.508        0.298464746677E+05
   2.513        0.310097744967E+05
   2.517        0.322196483566E+05
   2.522        0.334751714289E+05
   2.527        0.347808051583E+05
   2.532        0.361358326919E+05
   2.537        0.375447898141E+05
   2.541        0.390071766656E+05
   2.546        0.405276164416E+05
   2.551        0.421058362042E+05
   2.556        0.437465604679E+05
   2.560        0.454497541092E+05
   2.565        0.472202577787E+05
   2.570        0.490582860952E+05
   2.575        0.509688116475E+05
   2.580        0.529523118372E+05
   2.584        0.550139080584E+05
   2.589        0.571543547312E+05
   2.594        0.593789400764E+05
   2.599        0.616887110520E+05
   2.604        0.640891419766E+05
   2.608        0.665815892453E+05
   2.613        0.691717338964E+05
   2.618        0.718612601462E+05
   2.623        0.746560778355E+05
   2.628        0.775582189821E+05
   2.632        0.805738458923E+05
   2.637        0.837053600830E+05
   2.642        0.869592016963E+05
   2.647        0.903381652936E+05
   2.652        0.938489960688E+05
   2.656        0.974949071624E+05
   2.661        0.101282978029E+06
   2.666        0.105216868063E+06
   2.671        0.109304022344E+06
   2.676        0.113548576501E+06
   2.680        0.117958374922E+06
   2.685        0.122538061939E+06
   2.690        0.127295917447E+06
   2.695        0.132237129613E+06
   2.700        0.137370452753E+06
   2.704        0.142701656883E+06
   2.709        0.148240012574E+06
   2.714        0.153991912812E+06
   2.719        0.159967189418E+06
   2.724        0.166172902804E+06
   2.728        0.172619494447E+06
   2.733        0.179314740242E+06
   2.738        0.186269743408E+06
   2.743        0.193493047257E+06
   2.747        0.200996472805E+06
   2.752        0.208789386900E+06
   2.757        0.216884388690E+06
   2.762        0.225291729178E+06
   2.767        0.234024850609E+06
   2.771        0.243094953610E+06
   2.776        0.252516393470E+06
   2.781        0.262301391144E+06
   2.786        0.272465290295E+06
   2.791        0.283021408544E+06
   2.795        0.293986159060E+06
   2.800        0.305374038543E+06
   2.805        0.317202617063E+06
   2.810        0.329487659362E+06
   2.815        0.342247986556E+06
   2.819        0.355500727451E+06
   2.824        0.369266055638E+06
   2.829        0.383562567619E+06
   2.834        0.398411898742E+06
   2.839        0.413834225039E+06
   2.843        0.429852761375E+06
   2.848        0.446489383982E+06
   2.853        0.463769014139E+06
   2.858        0.481715358484E+06
   2.863        0.500355181460E+06
   2.867        0.519714160587E+06
   2.872        0.539821050852E+06
   2.877        0.560703652215E+06
   2.882        0.582392869046E+06
   2.887        0.604918787238E+06
   2.891        0.628314631746E+06
   2.896        0.652612950762E+06
   2.901        0.677849474358E+06
   2.906        0.704059403271E+06
   2.911        0.731281171592E+06
   2.915        0.759552837805E+06
   2.920        0.788915754427E+06
   2.925        0.819411059025E+06
   2.930        0.851083253656E+06
   2.934        0.883976793695E+06
   2.939        0.918139579878E+06
   2.944        0.953619642858E+06
   2.949        0.990468550625E+06
   2.954        0.102873818679E+07
   2.958        0.106848407613E+07
   2.963        0.110976225468E+07
   2.968        0.115263251612E+07
   2.973        0.119715537190E+07
   2.978        0.124339522108E+07
   2.982        0.129141739879E+07
   2.987        0.134129127226E+07
   2.992        0.139308737590E+07
   2.997        0.144688043618E+07
   3.002        0.150274659183E+07
   3.006        0.156076635018E+07
   3.011        0.162102189108E+07
   3.016        0.168359995728E+07
   3.021        0.174858924072E+07
   3.026        0.181608320964E+07
   3.030        0.188617757599E+07
   3.035        0.195897306184E+07
   3.040        0.203457294682E+07
   3.045        0.211308577645E+07
   3.050        0.219462298859E+07
   3.054        0.227930156635E+07
   3.059        0.236724174264E+07
   3.064        0.245856960024E+07
   3.069        0.255341485376E+07
   3.074        0.265191339953E+07
   3.078        0.275420517424E+07
   3.083        0.286043665739E+07
   3.088        0.297075880607E+07
   3.093        0.308532951278E+07
   3.098        0.320431161581E+07
   3.102        0.332787531523E+07
   3.107        0.345619625872E+07
   3.112        0.358945791848E+07
   3.117        0.372784975232E+07
   3.121        0.387156954450E+07
   3.126        0.402082164203E+07
   3.131        0.417581926241E+07
   3.136        0.433678280532E+07
   3.141        0.450394213031E+07
   3.145        0.467753494419E+07
   3.150        0.485780905183E+07
   3.155        0.504502081975E+07
   3.160        0.523943740331E+07
   3.165        0.544133528706E+07
   3.169        0.565100249177E+07
   3.174        0.586873719245E+07
   3.179        0.609484990861E+07
   3.184        0.632966220103E+07
   3.189        0.657350884894E+07
   3.193        0.682673662682E+07
   3.198        0.708970647218E+07
   3.203        0.736279234398E+07
   3.208        0.764638338502E+07
   3.213        0.794088286358E+07
   3.217        0.824671033466E+07
   3.222        0.856430066686E+07
   3.227        0.889410620674E+07
   3.232        0.923659589328E+07
   3.237        0.959225742993E+07
   3.241        0.996159648913E+07
   3.246        0.103451388970E+08
   3.251        0.107434299308E+08
   3.256        0.111570365211E+08
   3.261        0.115865466455E+08
   3.265        0.120325715543E+08
   3.270        0.124957452629E+08
   3.275        0.129767268071E+08
   3.280        0.134761998390E+08
   3.285        0.139948749166E+08
   3.289        0.145334892081E+08
   3.294        0.150928088228E+08
   3.299        0.156736286281E+08
   3.304        0.162767746280E+08
   3.309        0.169031038984E+08
   3.313        0.175535070213E+08
   3.318        0.182289081433E+08
   3.323        0.189302674731E+08
   3.328        0.196585814700E+08
   3.332        0.204148854124E+08
   3.337        0.212002537240E+08
   3.342        0.220158026216E+08
   3.347        0.228626905861E+08
   3.352        0.237421210996E+08
   3.356        0.246553432692E+08
   3.361        0.256036546639E+08
   3.366        0.265884020990E+08
   3.371        0.276109845843E+08
   3.376        0.286728542791E+08
   3.380        0.297755195621E+08
   3.385        0.309205461689E+08
   3.390        0.321095603950E+08
   3.395        0.333442504270E+08
   3.400        0.346263696928E+08
   3.404        0.359577383982E+08
   3.409        0.373402470390E+08
   3.414        0.387758581556E+08
   3.419        0.402666100228E+08
   3.424        0.418146186373E+08
   3.428        0.434220816007E+08
   3.433        0.450912803560E+08
   3.438        0.468245842813E+08
   3.443        0.486244531922E+08
   3.448        0.504934416655E+08
   3.452        0.524342018257E+08
   3.457        0.544494879182E+08
   3.462        0.565421594008E+08
   3.467        0.587151857883E+08
   3.472        0.609716500693E+08
   3.476        0.633147538465E+08
   3.481        0.657478211024E+08
   3.486        0.682743036595E+08
   3.491        0.708977853203E+08
   3.496        0.736219876755E+08
   3.500        0.764507746442E+08
   3.505        0.793881586596E+08
   3.510        0.824383056390E+08
   3.515        0.856055415779E+08
   3.519        0.888943579824E+08
   3.524        0.923094189044E+08
   3.529        0.958555668707E+08
   3.534        0.995378303965E+08
   3.539        0.103361430447E+09
   3.543        0.107331788470E+09
   3.548        0.111454533429E+09
   3.553        0.115735510393E+09
   3.558        0.120180788189E+09
   3.563        0.124796668601E+09
   3.567        0.129589694673E+09
   3.572        0.134566660569E+09
   3.577        0.139734620593E+09
   3.582        0.145100899744E+09
   3.587        0.150673103512E+09
   3.591        0.156459129193E+09
   3.596        0.162467176506E+09
   3.601        0.168705759740E+09
   3.606        0.175183719252E+09
   3.611        0.181910234504E+09
   3.615        0.188894836523E+09
   3.620        0.196147421891E+09
   3.625        0.203678266236E+09
   3.630        0.211498039266E+09
   3.635        0.219617819354E+09
   3.639        0.228049109703E+09
   3.644        0.236803854121E+09
   3.649        0.245894454391E+09
   3.654        0.255333787330E+09
   3.659        0.265135223468E+09
   3.663        0.275312645489E+09
   3.668        0.285880468310E+09
   3.673        0.296853659019E+09
   3.678        0.308247758474E+09
   3.683        0.320078902834E+09
   3.687        0.332363846809E+09
   3.692        0.345119986914E+09
   3.697        0.358365386483E+09
   3.702        0.372118800791E+09
   3.706        0.386399703972E+09
   3.711        0.401228316144E+09
   3.716        0.416625632386E+09
   3.721        0.432613452026E+09
   3.726        0.449214409837E+09
   3.730        0.466452007645E+09
   3.735        0.484350647926E+09
   3.740        0.502935667923E+09
   3.745        0.522233375820E+09
   3.750        0.542271087560E+09
   3.754        0.563077165810E+09
   3.759        0.584681059687E+09
   3.764        0.607113346726E+09
   3.769        0.630405775744E+09
   3.774        0.654591312043E+09
   3.778        0.679704183665E+09
   3.783        0.705779930079E+09
   3.788        0.732855452080E+09
   3.793        0.760969064248E+09
   3.798        0.790160548770E+09
   3.802        0.820471211960E+09
   3.807        0.851943942313E+09
   3.812        0.884623271407E+09
   3.817        0.918555436519E+09
   3.822        0.953788446245E+09
   3.826        0.990372148031E+09
   3.831        0.102835829889E+10
   3.836        0.106780063823E+10
   3.841        0.110875496407E+10
   3.846        0.115127921154E+10
   3.850        0.119543353507E+10
   3.855        0.124128039303E+10
   3.860        0.128888463626E+10
   3.865        0.133831359939E+10
   3.870        0.138963719625E+10
   3.874        0.144292801833E+10
   3.879        0.149826143757E+10
   3.884        0.155571571260E+10
   3.889        0.161537209951E+10
   3.893        0.167731496633E+10
   3.898        0.174163191251E+10
   3.903        0.180841389233E+10
   3.908        0.187775534365E+10
   3.913        0.194975432100E+10
   3.917        0.202451263435E+10
   3.922        0.210213599259E+10
   3.927        0.218273415313E+10
   3.932        0.226642107658E+10
   3.937        0.235331508799E+10
   3.941        0.244353904368E+10
   3.946        0.253722050495E+10
   3.951        0.263449191800E+10
   3.956        0.273549080116E+10
   3.961        0.284035993890E+10
   3.965        0.294924758361E+10
   3.970        0.306230766475E+10
   3.975        0.317970000638E+10
   3.980        0.330159055268E+10
   3.985        0.342815160239E+10
   3.989        0.355956205192E+10
   3.994        0.369600764812E+10
   3.999        0.383768125035E+10
   4.004        0.398478310292E+10
   4.009        0.413752111769E+10
   4.013        0.429611116771E+10
   4.018        0.446077739185E+10
   4.023        0.463175251139E+10
   4.028        0.480927815842E+10
   4.033        0.499360521707E+10
   4.037        0.518499417758E+10
   4.042        0.538371550418E+10
   4.047        0.559005001668E+10
   4.052        0.580428928712E+10
   4.057        0.602673605115E+10
   4.061        0.625770463556E+10
   4.066        0.649752140181E+10
   4.071        0.674652520684E+10
   4.076        0.700506788127E+10
   4.080        0.727351472614E+10
   4.085        0.755224502838E+10
   4.090        0.784165259633E+10
   4.095        0.814214631543E+10
   4.100        0.845415072548E+10
   4.104        0.877810661970E+10
   4.109        0.911447166703E+10
   4.114        0.946372105791E+10
   4.119        0.982634817507E+10
   4.124        0.102028652898E+11
   4.128        0.105938042849E+11
   4.133        0.109997174056E+11
   4.138        0.114211780383E+11
   4.143        0.118587815207E+11
   4.148        0.123131459811E+11
   4.152        0.127849132111E+11
   4.157        0.132747495716E+11
   4.162        0.137833469325E+11
   4.167        0.143114236496E+11
   4.172        0.148597255781E+11
   4.176        0.154290271253E+11
   4.181        0.160201323429E+11
   4.186        0.166338760622E+11
   4.191        0.172711250718E+11
   4.196        0.179327793407E+11
   4.200        0.186197732885E+11
   4.205        0.193330771034E+11
   4.210        0.200736981116E+11
   4.215        0.208426821985E+11
   4.220        0.216411152843E+11
   4.224        0.224701248567E+11
   4.229        0.233308815610E+11
   4.234        0.242246008523E+11
   4.239        0.251525447104E+11
   4.244        0.261160234203E+11
   4.248        0.271163974207E+11
   4.253        0.281550792236E+11
   4.258        0.292335354072E+11
   4.263        0.303532886848E+11
   4.267        0.315159200535E+11
   4.272        0.327230710241E+11
   4.277        0.339764459376E+11
   4.282        0.352778143693E+11
   4.287        0.366290136250E+11
   4.291        0.380319513338E+11
   4.296        0.394886081385E+11
   4.301        0.410010404901E+11
   4.306        0.425713835490E+11
   4.311        0.442018541967E+11
   4.315        0.458947541633E+11
   4.320        0.476524732745E+11
   4.325        0.494774928231E+11
   4.330        0.513723890686E+11
   4.335        0.533398368718E+11
   4.339        0.553826134680E+11
   4.344        0.575036023843E+11
   4.349        0.597057975073E+11
   4.354        0.619923073062E+11
   4.359        0.643663592173E+11
   4.363        0.668313041966E+11
   4.368        0.693906214465E+11
   4.373        0.720479233229E+11
   4.378        0.748069604311E+11
   4.383        0.776716269154E+11
   4.387        0.806459659520E+11
   4.392        0.837341754518E+11
   4.397        0.869406139811E+11
   4.402        0.902698069096E+11
   4.407        0.937264527926E+11
   4.411        0.973154299980E+11
   4.416        0.101041803587E+12
   4.421        0.104910832459E+12
   4.426        0.108927976764E+12
   4.431        0.113098905611E+12
   4.435        0.117429505056E+12
   4.440        0.121925886408E+12
   4.445        0.126594394846E+12
   4.450        0.131441618370E+12
   4.454        0.136474397088E+12
   4.459        0.141699832865E+12
   4.464        0.147125299342E+12
   4.469        0.152758452327E+12
   4.474        0.158607240598E+12
   4.478        0.164679917113E+12
   4.483        0.170985050643E+12
   4.488        0.177531537861E+12
   4.493        0.184328615886E+12
   4.498        0.191385875312E+12
   4.502        0.198713273728E+12
   4.507        0.206321149762E+12
   4.512        0.214220237664E+12
   4.517        0.222421682436E+12
   4.522        0.230937055554E+12
   4.526        0.239778371282E+12
   4.531        0.248958103615E+12
   4.536        0.258489203869E+12
   4.541        0.268385118943E+12
   4.546        0.278659810281E+12
   4.550        0.289327773558E+12
   4.555        0.300404059121E+12
   4.560        0.311904293209E+12
   4.565        0.323844699992E+12
   4.570        0.336242124439E+12
   4.574        0.349114056079E+12
   4.579        0.362478653657E+12
   4.584        0.376354770737E+12
   4.589        0.390761982289E+12
   4.594        0.405720612289E+12
   4.598        0.421251762372E+12
   4.603        0.437377341589E+12
   4.608        0.454120097296E+12
   4.613        0.471503647226E+12
   4.618        0.489552512793E+12
   4.622        0.508292153658E+12
   4.627        0.527749003634E+12
   4.632        0.547950507948E+12
   4.637        0.568925161941E+12
   4.641        0.590702551242E+12
   4.646        0.613313393481E+12
   4.651        0.636789581596E+12
   4.656        0.661164228800E+12
   4.661        0.686471715264E+12
   4.665        0.712747736589E+12
   4.670        0.740029354132E+12
   4.675        0.768355047256E+12
   4.680        0.797764767578E+12
   4.685        0.828299995295E+12
   4.689        0.860003797664E+12
   4.694        0.892920889717E+12
   4.699        0.927097697300E+12
   4.704        0.962582422524E+12
   4.709        0.999425111718E+12
   4.713        0.103767772599E+13
   4.718        0.107739421446E+13
   4.723        0.111863059034E+13
   4.728        0.116144500989E+13
   4.733        0.120589785440E+13
   4.737        0.125205181529E+13
   4.742        0.129997198253E+13
   4.747        0.134972593637E+13
   4.752        0.140138384262E+13
   4.757        0.145501855156E+13
   4.761        0.151070570061E+13
   4.766        0.156852382101E+13
   4.771        0.162855444848E+13
   4.776        0.169088223816E+13
   4.781        0.175559508397E+13
   4.785        0.182278424249E+13
   4.790        0.189254446159E+13
   4.795        0.196497411404E+13
   4.800        0.204017533610E+13
   4.805        0.211825417156E+13
   4.809        0.219932072120E+13
   4.814        0.228348929799E+13
   4.819        0.237087858820E+13
   4.824        0.246161181875E+13
   4.828        0.255581693085E+13
   4.833        0.265362676040E+13
   4.838        0.275517922520E+13
   4.843        0.286061751935E+13
   4.848        0.297009031511E+13
   4.852        0.308375197244E+13
   4.857        0.320176275660E+13
   4.862        0.332428906403E+13
   4.867        0.345150365692E+13
   4.872        0.358358590667E+13
   4.876        0.372072204677E+13
   4.881        0.386310543528E+13
   4.886        0.401093682735E+13
   4.891        0.416442465821E+13
   4.896        0.432378533696E+13
   4.900        0.448924355157E+13
   4.905        0.466103258558E+13
   4.910        0.483939464694E+13
   4.915        0.502458120934E+13
   4.920        0.521685336669E+13
   4.924        0.541648220112E+13
   4.929        0.562374916503E+13
   4.934        0.583894647780E+13
   4.939        0.606237753767E+13
   4.944        0.629435734931E+13
   4.948        0.653521296785E+13
   4.953        0.678528395980E+13
   4.958        0.704492288165E+13
   4.963        0.731449577677E+13
   4.968        0.759438269131E+13
   4.972        0.788497820983E+13
   4.977        0.818669201142E+13
   4.982        0.849994944711E+13
   4.987        0.882519213934E+13
   4.992        0.916287860437E+13
