   0.000        0.305263271782E+03
   0.005        0.301838321016E+03
   0.009        0.298413370249E+03
   0.014        0.294988419483E+03
   0.018        0.291563468717E+03
   0.023        0.288162942383E+03
   0.027        0.284774866003E+03
   0.032        0.281421905543E+03
   0.037        0.278090021135E+03
   0.041        0.274797582249E+03
   0.046        0.271531413498E+03
   0.050        0.268306076418E+03
   0.055        0.265109973945E+03
   0.059        0.261954665193E+03
   0.064        0.258830199174E+03
   0.068        0.255745802871E+03
   0.073        0.252693041556E+03
   0.078        0.249679315862E+03
   0.082        0.246697521725E+03
   0.087        0.243753612565E+03
   0.091        0.240841624228E+03
   0.096        0.237966351627E+03
   0.100        0.235122793777E+03
   0.105        0.232314811095E+03
   0.110        0.229538209665E+03
   0.114        0.226796092066E+03
   0.119        0.224084937149E+03
   0.123        0.221407230706E+03
   0.128        0.218760010605E+03
   0.132        0.216145259513E+03
   0.137        0.213560478903E+03
   0.142        0.211007240492E+03
   0.146        0.208483429833E+03
   0.151        0.205990282775E+03
   0.155        0.203526002937E+03
   0.160        0.201091551643E+03
   0.164        0.198685395929E+03
   0.169        0.196308272812E+03
   0.174        0.193958867571E+03
   0.178        0.191637734088E+03
   0.183        0.189343738596E+03
   0.187        0.187077285612E+03
   0.192        0.184837391561E+03
   0.196        0.182624339317E+03
   0.201        0.180437270122E+03
   0.205        0.178276367970E+03
   0.210        0.176140877998E+03
   0.215        0.174030904007E+03
   0.219        0.171945777776E+03
   0.224        0.169885538258E+03
   0.228        0.167849589643E+03
   0.233        0.165837918631E+03
   0.237        0.163849990088E+03
   0.242        0.161885748792E+03
   0.247        0.159944710598E+03
   0.251        0.158026786841E+03
   0.256        0.156131536369E+03
   0.260        0.154258844021E+03
   0.265        0.152408305032E+03
   0.269        0.150579783440E+03
   0.274        0.148772905406E+03
   0.279        0.146987518823E+03
   0.283        0.145223276267E+03
   0.288        0.143480013296E+03
   0.292        0.141757405156E+03
   0.297        0.140055278185E+03
   0.301        0.138373327203E+03
   0.306        0.136711371861E+03
   0.311        0.135069123980E+03
   0.315        0.133446398594E+03
   0.320        0.131842922383E+03
   0.324        0.130258507445E+03
   0.329        0.128692893540E+03
   0.333        0.127145891185E+03
   0.338        0.125617251738E+03
   0.342        0.124106785235E+03
   0.347        0.122614253386E+03
   0.352        0.121139466633E+03
   0.356        0.119682195996E+03
   0.361        0.118242253031E+03
   0.365        0.116819417190E+03
   0.370        0.115413501707E+03
   0.374        0.114024293730E+03
   0.379        0.112651608615E+03
   0.384        0.111295240576E+03
   0.388        0.109955007441E+03
   0.393        0.108630709961E+03
   0.397        0.107322168703E+03
   0.402        0.106029190494E+03
   0.406        0.104751598851E+03
   0.411        0.103489206284E+03
   0.416        0.102241839409E+03
   0.420        0.101009316083E+03
   0.425        0.997914661269E+02
   0.429        0.985881124500E+02
   0.434        0.973990881556E+02
   0.438        0.962242209441E+02
   0.443        0.950633472460E+02
   0.448        0.939162993264E+02
   0.452        0.927829169649E+02
   0.457        0.916630367889E+02
   0.461        0.905565019315E+02
   0.466        0.894631532012E+02
   0.470        0.883828370734E+02
   0.475        0.873153983750E+02
   0.479        0.862606869009E+02
   0.484        0.852185513485E+02
   0.489        0.841888447997E+02
   0.493        0.831714196874E+02
   0.498        0.821661323411E+02
   0.502        0.811728388047E+02
   0.507        0.801913986098E+02
   0.511        0.792216712967E+02
   0.516        0.782635195488E+02
   0.521        0.773168062959E+02
   0.525        0.763813973200E+02
   0.530        0.754571588400E+02
   0.534        0.745439596811E+02
   0.539        0.736416692572E+02
   0.543        0.727501593790E+02
   0.548        0.718693025663E+02
   0.553        0.709989735568E+02
   0.557        0.701390478919E+02
   0.562        0.692894031771E+02
   0.566        0.684499178946E+02
   0.571        0.676204724583E+02
   0.575        0.668009482147E+02
   0.580        0.659912283265E+02
   0.585        0.651911969306E+02
   0.589        0.644007398796E+02
   0.594        0.636197440299E+02
   0.598        0.628480978654E+02
   0.603        0.620856908939E+02
   0.607        0.613324141726E+02
   0.612        0.605881597951E+02
   0.616        0.598528213345E+02
   0.621        0.591262934067E+02
   0.626        0.584084720445E+02
   0.630        0.576992543244E+02
   0.635        0.569985386836E+02
   0.639        0.563062246000E+02
   0.644        0.556222128604E+02
   0.648        0.549464052863E+02
   0.653        0.542787049611E+02
   0.658        0.536190159934E+02
   0.662        0.529672437110E+02
   0.667        0.523232944555E+02
   0.671        0.516870757475E+02
   0.676        0.510584961085E+02
   0.680        0.504374652019E+02
   0.685        0.498238936777E+02
   0.690        0.492176932929E+02
   0.694        0.486187767758E+02
   0.699        0.480270579290E+02
   0.703        0.474424515104E+02
   0.708        0.468648733210E+02
   0.712        0.462942401006E+02
   0.717        0.457304696032E+02
   0.722        0.451734805041E+02
   0.726        0.446231924649E+02
   0.731        0.440795260515E+02
   0.735        0.435424027893E+02
   0.740        0.430117450906E+02
   0.744        0.424874763021E+02
   0.749        0.419695206393E+02
   0.753        0.414578032281E+02
   0.758        0.409522500458E+02
   0.763        0.404527879562E+02
   0.767        0.399593446575E+02
   0.772        0.394718487117E+02
   0.776        0.389902294980E+02
   0.781        0.385144172375E+02
   0.785        0.380443429513E+02
   0.790        0.375799384817E+02
   0.795        0.371211364537E+02
   0.799        0.366678702934E+02
   0.804        0.362200741927E+02
   0.808        0.357776831251E+02
   0.813        0.353406328135E+02
   0.817        0.349088597428E+02
   0.822        0.344823011316E+02
   0.827        0.340608949420E+02
   0.831        0.336445798534E+02
   0.836        0.332332952710E+02
   0.840        0.328269813016E+02
   0.845        0.324255787605E+02
   0.849        0.320290291488E+02
   0.854        0.316372746595E+02
   0.859        0.312502581560E+02
   0.863        0.308679231773E+02
   0.868        0.304902139179E+02
   0.872        0.301170752316E+02
   0.877        0.297484526136E+02
   0.881        0.293842922024E+02
   0.886        0.290245407637E+02
   0.890        0.286691456914E+02
   0.895        0.283180549925E+02
   0.900        0.279712172874E+02
   0.904        0.276285817959E+02
   0.909        0.272900983368E+02
   0.913        0.269557173146E+02
   0.918        0.266253897192E+02
   0.922        0.262990671128E+02
   0.927        0.259767016290E+02
   0.932        0.256582459613E+02
   0.936        0.253436533610E+02
   0.941        0.250328776265E+02
   0.945        0.247258731013E+02
   0.950        0.244225946635E+02
   0.954        0.241229977236E+02
   0.959        0.238270382145E+02
   0.964        0.235346725892E+02
   0.968        0.232458578112E+02
   0.973        0.229605513520E+02
   0.977        0.226787111822E+02
   0.982        0.224002957684E+02
   0.986        0.221252640650E+02
   0.991        0.218535755108E+02
   0.996        0.215851900214E+02
   1.000        0.213200679856E+02
   1.005        0.210581702580E+02
   1.009        0.207994581556E+02
   1.014        0.205438934506E+02
   1.018        0.202914383665E+02
   1.023        0.200420555720E+02
   1.027        0.197957081766E+02
   1.032        0.195523597246E+02
   1.037        0.193119741912E+02
   1.041        0.190745159763E+02
   1.046        0.188399499007E+02
   1.050        0.186082412001E+02
   1.055        0.183793555216E+02
   1.059        0.181532589176E+02
   1.064        0.179299178422E+02
   1.069        0.177092991457E+02
   1.073        0.174913700709E+02
   1.078        0.172760982474E+02
   1.082        0.170634516884E+02
   1.087        0.168533987851E+02
   1.091        0.166459083033E+02
   1.096        0.164409493781E+02
   1.101        0.162384915106E+02
   1.105        0.160385045627E+02
   1.110        0.158409587538E+02
   1.114        0.156458246559E+02
   1.119        0.154530731901E+02
   1.123        0.152626756219E+02
   1.128        0.150746035581E+02
   1.133        0.148888289417E+02
   1.137        0.147053240492E+02
   1.142        0.145240614856E+02
   1.146        0.143450141817E+02
   1.151        0.141681553891E+02
   1.155        0.139934586776E+02
   1.160        0.138208979306E+02
   1.164        0.136504473422E+02
   1.169        0.134820814129E+02
   1.174        0.133157749466E+02
   1.178        0.131515030466E+02
   1.183        0.129892411126E+02
   1.187        0.128289648369E+02
   1.192        0.126706502009E+02
   1.196        0.125142734721E+02
   1.201        0.123598112005E+02
   1.206        0.122072402154E+02
   1.210        0.120565376221E+02
   1.215        0.119076807986E+02
   1.219        0.117606473928E+02
   1.224        0.116154153187E+02
   1.228        0.114719627540E+02
   1.233        0.113302681363E+02
   1.238        0.111903101608E+02
   1.242        0.110520677768E+02
   1.247        0.109155201847E+02
   1.251        0.107806468334E+02
   1.256        0.106474274172E+02
   1.260        0.105158418729E+02
   1.265        0.103858703770E+02
   1.270        0.102574933429E+02
   1.274        0.101306914181E+02
   1.279        0.100054454817E+02
   1.283        0.988173664104E+01
   1.288        0.975954622985E+01
   1.292        0.963885580503E+01
   1.297        0.951964714420E+01
   1.301        0.940190224316E+01
   1.306        0.928560331324E+01
   1.311        0.917073277885E+01
   1.315        0.905727327492E+01
   1.320        0.894520764445E+01
   1.324        0.883451893608E+01
   1.329        0.872519040165E+01
   1.333        0.861720549381E+01
   1.338        0.851054786370E+01
   1.343        0.840520135854E+01
   1.347        0.830115001942E+01
   1.352        0.819837807892E+01
   1.356        0.809686995894E+01
   1.361        0.799661026842E+01
   1.365        0.789758380113E+01
   1.370        0.779977553355E+01
   1.375        0.770317062266E+01
   1.379        0.760775440384E+01
   1.384        0.751351238874E+01
   1.388        0.742043026324E+01
   1.393        0.732849388537E+01
   1.397        0.723768928328E+01
   1.402        0.714800265323E+01
   1.407        0.705942035761E+01
   1.411        0.697192892298E+01
   1.416        0.688551503813E+01
   1.420        0.680016555214E+01
   1.425        0.671586747253E+01
   1.429        0.663260796335E+01
   1.434        0.655037434331E+01
   1.438        0.646915408403E+01
   1.443        0.638893480815E+01
   1.448        0.630970428755E+01
   1.452        0.623145044165E+01
   1.457        0.615416133557E+01
   1.461        0.607782517849E+01
   1.466        0.600243032185E+01
   1.470        0.592796525777E+01
   1.475        0.585441861728E+01
   1.480        0.578177916875E+01
   1.484        0.571003581620E+01
   1.489        0.563917759773E+01
   1.493        0.556919368392E+01
   1.498        0.550007337625E+01
   1.502        0.543180610554E+01
   1.507        0.536438143042E+01
   1.512        0.529778903582E+01
   1.516        0.523201873145E+01
   1.521        0.516706045032E+01
   1.525        0.510290424728E+01
   1.530        0.503954029759E+01
   1.534        0.497695889542E+01
   1.539        0.491515045251E+01
   1.544        0.485410549674E+01
   1.548        0.479381467072E+01
   1.553        0.473426873047E+01
   1.557        0.467545854403E+01
   1.562        0.461737509014E+01
   1.566        0.456000945694E+01
   1.571        0.450335284060E+01
   1.575        0.444739654413E+01
   1.580        0.439213197599E+01
   1.585        0.433755064895E+01
   1.589        0.428364417873E+01
   1.594        0.423040428286E+01
   1.598        0.417782277942E+01
   1.603        0.412589158584E+01
   1.607        0.407460271771E+01
   1.612        0.402394828764E+01
   1.617        0.397392050405E+01
   1.621        0.392451167006E+01
   1.626        0.387571418234E+01
   1.630        0.382752052999E+01
   1.635        0.377992329344E+01
   1.639        0.373291514336E+01
   1.644        0.368648883956E+01
   1.649        0.364063722995E+01
   1.653        0.359535324944E+01
   1.658        0.355062991895E+01
   1.662        0.350646034435E+01
   1.667        0.346283771543E+01
   1.671        0.341975530492E+01
   1.676        0.337720646748E+01
   1.681        0.333518463872E+01
   1.685        0.329368333420E+01
   1.690        0.325269614854E+01
   1.694        0.321221675439E+01
   1.699        0.317223890155E+01
   1.703        0.313275641600E+01
   1.708        0.309376319902E+01
   1.712        0.305525322626E+01
   1.717        0.301722054688E+01
   1.722        0.297965928259E+01
   1.726        0.294256362688E+01
   1.731        0.290592784407E+01
   1.735        0.286974626851E+01
   1.740        0.283401330369E+01
   1.744        0.279872342147E+01
   1.749        0.276387116119E+01
   1.754        0.272945112890E+01
   1.758        0.269545799654E+01
   1.763        0.266188650115E+01
   1.767        0.262873144409E+01
   1.772        0.259598769024E+01
   1.776        0.256365016727E+01
   1.781        0.253171386485E+01
   1.786        0.250017383392E+01
   1.790        0.246902518593E+01
   1.795        0.243826309217E+01
   1.799        0.240788278294E+01
   1.804        0.237787954694E+01
   1.808        0.234824873051E+01
   1.813        0.231898573695E+01
   1.818        0.229008602582E+01
   1.822        0.226154511228E+01
   1.827        0.223335856639E+01
   1.831        0.220552201246E+01
   1.836        0.217803112842E+01
   1.840        0.215088164511E+01
   1.845        0.212406934570E+01
   1.849        0.209759006501E+01
   1.854        0.207143968893E+01
   1.859        0.204561415375E+01
   1.863        0.202010944561E+01
   1.868        0.199492159983E+01
   1.872        0.197004670035E+01
   1.877        0.194548087916E+01
   1.881        0.192122031568E+01
   1.886        0.189726123618E+01
   1.891        0.187359991327E+01
   1.895        0.185023266526E+01
   1.900        0.182715585566E+01
   1.904        0.180436589263E+01
   1.909        0.178185922840E+01
   1.913        0.175963235876E+01
   1.918        0.173768182254E+01
   1.923        0.171600420107E+01
   1.927        0.169459611766E+01
   1.932        0.167345423713E+01
   1.936        0.165257526524E+01
   1.941        0.163195594824E+01
   1.945        0.161159307237E+01
   1.950        0.159148346337E+01
   1.955        0.157162398599E+01
   1.959        0.155201154352E+01
   1.964        0.153264307733E+01
   1.968        0.151351556642E+01
   1.973        0.149462602690E+01
   1.977        0.147597151163E+01
   1.982        0.145754910968E+01
   1.986        0.143935594596E+01
   1.991        0.142138918076E+01
   1.996        0.140364600928E+01
   2.000        0.138612366129E+01
   2.005        0.136881940061E+01
   2.009        0.135173052477E+01
   2.014        0.133485436457E+01
   2.018        0.131818828368E+01
   2.023        0.130172967822E+01
   2.028        0.128547597639E+01
   2.032        0.126942463806E+01
   2.037        0.125357315442E+01
   2.041        0.123791904753E+01
   2.046        0.122245987000E+01
   2.050        0.120719320461E+01
   2.055        0.119211666392E+01
   2.060        0.117722788992E+01
   2.064        0.116252455367E+01
   2.069        0.114800435493E+01
   2.073        0.113366502185E+01
   2.078        0.111950431057E+01
   2.082        0.110552000491E+01
   2.087        0.109170991603E+01
   2.092        0.107807188208E+01
   2.096        0.106460376790E+01
   2.101        0.105130346466E+01
   2.105        0.103816888954E+01
   2.110        0.102519798546E+01
   2.114        0.101238872068E+01
   2.119        0.999739088586E+00
   2.123        0.987247107304E+00
   2.128        0.974910819440E+00
   2.133        0.962728291766E+00
   2.137        0.950697614926E+00
   2.142        0.938816903147E+00
   2.146        0.927084293944E+00
   2.151        0.915497947838E+00
   2.155        0.904056048077E+00
   2.160        0.892756800352E+00
   2.165        0.881598432523E+00
   2.169        0.870579194353E+00
   2.174        0.859697357231E+00
   2.178        0.848951213913E+00
   2.183        0.838339078258E+00
   2.187        0.827859284966E+00
   2.192        0.817510189330E+00
   2.197        0.807290166975E+00
   2.201        0.797197613614E+00
   2.206        0.787230944797E+00
   2.210        0.777388595676E+00
   2.215        0.767669020751E+00
   2.219        0.758070693645E+00
   2.224        0.748592106863E+00
   2.229        0.739231771561E+00
   2.233        0.729988217316E+00
   2.238        0.720859991903E+00
   2.242        0.711845661068E+00
   2.247        0.702943808309E+00
   2.251        0.694153034656E+00
   2.256        0.685471958459E+00
   2.260        0.676899215170E+00
   2.265        0.668433457139E+00
   2.270        0.660073353400E+00
   2.274        0.651817589471E+00
   2.279        0.643664867146E+00
   2.283        0.635613904302E+00
   2.288        0.627663434692E+00
   2.292        0.619812207760E+00
   2.297        0.612058988437E+00
   2.302        0.604402556960E+00
   2.306        0.596841708677E+00
   2.311        0.589375253866E+00
   2.315        0.582002017547E+00
   2.320        0.574720839301E+00
   2.324        0.567530573095E+00
   2.329        0.560430087100E+00
   2.334        0.553418263518E+00
   2.338        0.546493998409E+00
   2.343        0.539656201519E+00
   2.347        0.532903796115E+00
   2.352        0.526235718814E+00
   2.356        0.519650919422E+00
   2.361        0.513148360768E+00
   2.365        0.506727018548E+00
   2.370        0.500385881161E+00
   2.375        0.494123949556E+00
   2.379        0.487940237077E+00
   2.384        0.481833769310E+00
   2.388        0.475803583929E+00
   2.393        0.469848730553E+00
   2.397        0.463968270592E+00
   2.402        0.458161277105E+00
   2.407        0.452426834659E+00
   2.411        0.446764039178E+00
   2.416        0.441171997815E+00
   2.420        0.435649828802E+00
   2.425        0.430196661321E+00
   2.429        0.424811635365E+00
   2.434        0.419493901608E+00
   2.439        0.414242621266E+00
   2.443        0.409056965976E+00
   2.448        0.403936117662E+00
   2.452        0.398879268406E+00
   2.457        0.393885620328E+00
   2.461        0.388954385459E+00
   2.466        0.384084785618E+00
   2.471        0.379276052292E+00
   2.475        0.374527426517E+00
   2.480        0.369838158759E+00
   2.484        0.365207508798E+00
   2.489        0.360634745611E+00
   2.493        0.356119147264E+00
   2.498        0.351660000791E+00
   2.502        0.347256602090E+00
   2.507        0.342908255812E+00
   2.512        0.338614275249E+00
   2.516        0.334373982233E+00
   2.521        0.330186707026E+00
   2.525        0.326051788216E+00
   2.530        0.321968572617E+00
   2.534        0.317936415164E+00
   2.539        0.313954678813E+00
   2.544        0.310022734444E+00
   2.548        0.306139960762E+00
   2.553        0.302305744197E+00
   2.557        0.298519478812E+00
   2.562        0.294780566209E+00
   2.566        0.291088415433E+00
   2.571        0.287442442880E+00
   2.576        0.283842072207E+00
   2.580        0.280286734244E+00
   2.585        0.276775866901E+00
   2.589        0.273308915083E+00
   2.594        0.269885330604E+00
   2.598        0.266504572098E+00
   2.603        0.263166104939E+00
   2.608        0.259869401153E+00
   2.612        0.256613939339E+00
   2.617        0.253399204587E+00
   2.621        0.250224688396E+00
   2.626        0.247089888593E+00
   2.630        0.243994309263E+00
   2.635        0.240937460659E+00
   2.639        0.237918859136E+00
   2.644        0.234938027069E+00
   2.649        0.231994492783E+00
   2.653        0.229087790474E+00
   2.658        0.226217460142E+00
   2.662        0.223383047513E+00
   2.667        0.220584103974E+00
   2.671        0.217820186497E+00
   2.676        0.215090857575E+00
   2.681        0.212395685150E+00
   2.685        0.209734242545E+00
   2.690        0.207106108402E+00
   2.694        0.204510866609E+00
   2.699        0.201948106241E+00
   2.703        0.199417421493E+00
   2.708        0.196918411615E+00
   2.713        0.194450680853E+00
   2.717        0.192013838383E+00
   2.722        0.189607498253E+00
   2.726        0.187231279320E+00
   2.731        0.184884805193E+00
   2.735        0.182567704171E+00
   2.740        0.180279609187E+00
   2.745        0.178020157750E+00
   2.749        0.175788991886E+00
   2.754        0.173585758087E+00
   2.758        0.171410107248E+00
   2.763        0.169261694621E+00
   2.767        0.167140179754E+00
   2.772        0.165045226439E+00
   2.776        0.162976502663E+00
   2.781        0.160933680553E+00
   2.786        0.158916436321E+00
   2.790        0.156924450222E+00
   2.795        0.154957406496E+00
   2.799        0.153014993321E+00
   2.804        0.151096902766E+00
   2.808        0.149202830740E+00
   2.813        0.147332476944E+00
   2.818        0.145485544827E+00
   2.822        0.143661741537E+00
   2.827        0.141860777875E+00
   2.831        0.140082368250E+00
   2.836        0.138326230633E+00
   2.840        0.136592086517E+00
   2.845        0.134879660868E+00
   2.850        0.133188682083E+00
   2.854        0.131518881950E+00
   2.859        0.129869995604E+00
   2.863        0.128241761483E+00
   2.868        0.126633921293E+00
   2.872        0.125046219960E+00
   2.877        0.123478405596E+00
   2.882        0.121930229456E+00
   2.886        0.120401445900E+00
   2.891        0.118891812354E+00
   2.895        0.117401089273E+00
   2.900        0.115929040101E+00
   2.904        0.114475431235E+00
   2.909        0.113040031990E+00
   2.913        0.111622614560E+00
   2.918        0.110222953982E+00
   2.923        0.108840828106E+00
   2.927        0.107476017550E+00
   2.932        0.106128305676E+00
   2.936        0.104797478549E+00
   2.941        0.103483324907E+00
   2.945        0.102185636123E+00
   2.950        0.100904206181E+00
   2.955        0.996388316314E-01
   2.959        0.983893115711E-01
   2.964        0.971554476022E-01
   2.968        0.959370438084E-01
   2.973        0.947339067167E-01
   2.977        0.935458452744E-01
   2.982        0.923726708126E-01
   2.987        0.912141970211E-01
   2.991        0.900702399161E-01
   2.996        0.889406178128E-01
   3.000        0.878251512953E-01
   3.005        0.867236631910E-01
   3.009        0.856359785388E-01
   3.014        0.845619245657E-01
   3.019        0.835013306555E-01
   3.023        0.824540283260E-01
   3.028        0.814198511980E-01
   3.032        0.803986349734E-01
   3.037        0.793902174059E-01
   3.041        0.783944382777E-01
   3.046        0.774111393725E-01
   3.050        0.764401644519E-01
   3.055        0.754813592297E-01
   3.060        0.745345713487E-01
   3.064        0.735996503552E-01
   3.069        0.726764476767E-01
   3.073        0.717648165971E-01
   3.078        0.708646122354E-01
   3.082        0.699756915204E-01
   3.087        0.690979131701E-01
   3.092        0.682311376682E-01
   3.096        0.673752272435E-01
   3.101        0.665300458458E-01
   3.105        0.656954591271E-01
   3.110        0.648713344183E-01
   3.114        0.640575407093E-01
   3.119        0.632539486285E-01
   3.124        0.624604304207E-01
   3.128        0.616768599299E-01
   3.133        0.609031125755E-01
   3.137        0.601390653371E-01
   3.142        0.593845967302E-01
   3.146        0.586395867920E-01
   3.151        0.579039170574E-01
   3.156        0.571774705450E-01
   3.160        0.564601317353E-01
   3.165        0.557517865535E-01
   3.169        0.550523223521E-01
   3.174        0.543616278925E-01
   3.178        0.536795933265E-01
   3.183        0.530061101813E-01
   3.187        0.523410713399E-01
   3.192        0.516843710254E-01
   3.197        0.510359047845E-01
   3.201        0.503955694699E-01
   3.206        0.497632632249E-01
   3.210        0.491388854674E-01
   3.215        0.485223368734E-01
   3.219        0.479135193610E-01
   3.224        0.473123360761E-01
   3.229        0.467186913761E-01
   3.233        0.461324908149E-01
   3.238        0.455536411283E-01
   3.242        0.449820502189E-01
   3.247        0.444176271418E-01
   3.251        0.438602820899E-01
   3.256        0.433099263801E-01
   3.261        0.427664724386E-01
   3.265        0.422298337883E-01
   3.270        0.416999250334E-01
   3.274        0.411766618470E-01
   3.279        0.406599609579E-01
   3.283        0.401497401367E-01
   3.288        0.396459181829E-01
   3.293        0.391484149130E-01
   3.297        0.386571511461E-01
   3.302        0.381720486934E-01
   3.306        0.376930303432E-01
   3.311        0.372200198523E-01
   3.315        0.367529419295E-01
   3.320        0.362917222284E-01
   3.324        0.358362873314E-01
   3.329        0.353865647406E-01
   3.334        0.349424828657E-01
   3.338        0.345039710124E-01
   3.343        0.340709593717E-01
   3.347        0.336433790079E-01
   3.352        0.332211618488E-01
   3.356        0.328042406745E-01
   3.361        0.323925491064E-01
   3.366        0.319860215968E-01
   3.370        0.315845934192E-01
   3.375        0.311882006567E-01
   3.379        0.307967801938E-01
   3.384        0.304102697041E-01
   3.388        0.300286076421E-01
   3.393        0.296517332334E-01
   3.398        0.292795864634E-01
   3.402        0.289121080705E-01
   3.407        0.285492395338E-01
   3.411        0.281909230661E-01
   3.416        0.278371016034E-01
   3.420        0.274877187965E-01
   3.425        0.271427190022E-01
   3.430        0.268020472731E-01
   3.434        0.264656493511E-01
   3.439        0.261334716566E-01
   3.443        0.258054612823E-01
   3.448        0.254815659820E-01
   3.452        0.251617341651E-01
   3.457        0.248459148863E-01
   3.461        0.245340578393E-01
   3.466        0.242261133468E-01
   3.471        0.239220323547E-01
   3.475        0.236217664226E-01
   3.480        0.233252677176E-01
   3.484        0.230324890050E-01
   3.489        0.227433836429E-01
   3.493        0.224579055724E-01
   3.498        0.221760093131E-01
   3.503        0.218976499525E-01
   3.507        0.216227831424E-01
   3.512        0.213513650892E-01
   3.516        0.210833525482E-01
   3.521        0.208187028163E-01
   3.525        0.205573737260E-01
   3.530        0.202993236372E-01
   3.535        0.200445114322E-01
   3.539        0.197928965079E-01
   3.544        0.195444387701E-01
   3.548        0.192990986275E-01
   3.553        0.190568369839E-01
   3.557        0.188176152336E-01
   3.562        0.185813952542E-01
   3.567        0.183481394016E-01
   3.571        0.181178105025E-01
   3.576        0.178903718507E-01
   3.580        0.176657871981E-01
   3.585        0.174440207527E-01
   3.589        0.172250371692E-01
   3.594        0.170088015474E-01
   3.598        0.167952794218E-01
   3.603        0.165844367614E-01
   3.608        0.163762399596E-01
   3.612        0.161706558326E-01
   3.617        0.159676516110E-01
   3.621        0.157671949371E-01
   3.626        0.155692538583E-01
   3.630        0.153737968225E-01
   3.635        0.151807926730E-01
   3.640        0.149902106434E-01
   3.644        0.148020203540E-01
   3.649        0.146161918037E-01
   3.653        0.144326953700E-01
   3.658        0.142515017993E-01
   3.662        0.140725822067E-01
   3.667        0.138959080675E-01
   3.672        0.137214512162E-01
   3.676        0.135491838389E-01
   3.681        0.133790784715E-01
   3.685        0.132111079935E-01
   3.690        0.130452456242E-01
   3.694        0.128814649195E-01
   3.699        0.127197397655E-01
   3.704        0.125600443769E-01
   3.708        0.124023532909E-01
   3.713        0.122466413640E-01
   3.717        0.120928837677E-01
   3.722        0.119410559853E-01
   3.726        0.117911338072E-01
   3.731        0.116430933271E-01
   3.735        0.114969109385E-01
   3.740        0.113525633310E-01
   3.745        0.112100274865E-01
   3.749        0.110692806750E-01
   3.754        0.109303004523E-01
   3.758        0.107930646542E-01
   3.763        0.106575513962E-01
   3.767        0.105237390666E-01
   3.772        0.103916063257E-01
   3.777        0.102611321008E-01
   3.781        0.101322955835E-01
   3.786        0.100050762265E-01
   3.790        0.987945373993E-02
   3.795        0.975540808849E-02
   3.799        0.963291948790E-02
   3.804        0.951196840197E-02
   3.809        0.939253553975E-02
   3.813        0.927460185187E-02
   3.818        0.915814852817E-02
   3.822        0.904315699404E-02
   3.827        0.892960890747E-02
   3.831        0.881748615768E-02
   3.836        0.870677085936E-02
   3.841        0.859744535296E-02
   3.845        0.848949219926E-02
   3.850        0.838289417845E-02
   3.854        0.827763428651E-02
   3.859        0.817369573224E-02
   3.863        0.807106193565E-02
   3.868        0.796971652426E-02
   3.872        0.786964333099E-02
   3.877        0.777082639138E-02
   3.882        0.767324994194E-02
   3.886        0.757689841555E-02
   3.891        0.748175644162E-02
   3.895        0.738780884149E-02
   3.900        0.729504062713E-02
   3.904        0.720343699868E-02
   3.909        0.711298334170E-02
   3.914        0.702366522489E-02
   3.918        0.693546839841E-02
   3.923        0.684837879078E-02
   3.927        0.676238250708E-02
   3.932        0.667746582667E-02
   3.936        0.659361520115E-02
   3.941        0.651081725152E-02
   3.946        0.642905876771E-02
   3.950        0.634832670403E-02
   3.955        0.626860817943E-02
   3.959        0.618989047382E-02
   3.964        0.611216102698E-02
   3.968        0.603540743612E-02
   3.973        0.595961745410E-02
   3.978        0.588477898737E-02
   3.982        0.581088009380E-02
   3.987        0.573790898193E-02
   3.991        0.566585400702E-02
   3.996        0.559470367159E-02
   4.000        0.552444662117E-02
   4.005        0.545507164497E-02
   4.009        0.538656767162E-02
   4.014        0.531892376989E-02
   4.019        0.525212914454E-02
   4.023        0.518617313651E-02
   4.028        0.512104521999E-02
   4.032        0.505673500186E-02
   4.037        0.499323221845E-02
   4.041        0.493052673573E-02
   4.046        0.486860854642E-02
   4.051        0.480746776850E-02
   4.055        0.474709464447E-02
   4.060        0.468747953892E-02
   4.064        0.462861293761E-02
   4.069        0.457048544524E-02
   4.073        0.451308778474E-02
   4.078        0.445641079534E-02
   4.083        0.440044543120E-02
   4.087        0.434518275961E-02
   4.092        0.429061396073E-02
   4.096        0.423673032469E-02
   4.101        0.418352325119E-02
   4.105        0.413098424792E-02
   4.110        0.407910492868E-02
   4.115        0.402787701307E-02
   4.119        0.397729232418E-02
   4.124        0.392734278785E-02
   4.128        0.387802043133E-02
   4.133        0.382931738170E-02
   4.137        0.378122586471E-02
   4.142        0.373373820423E-02
   4.146        0.368684681962E-02
   4.151        0.364054422664E-02
   4.156        0.359482303338E-02
   4.160        0.354967594194E-02
   4.165        0.350509574491E-02
   4.169        0.346107532664E-02
   4.174        0.341760765946E-02
   4.178        0.337468580472E-02
   4.183        0.333230291062E-02
   4.188        0.329045221122E-02
   4.192        0.324912702592E-02
   4.197        0.320832075704E-02
   4.201        0.316802689099E-02
   4.206        0.312823899412E-02
   4.210        0.308895071589E-02
   4.215        0.305015578294E-02
   4.220        0.301184800276E-02
   4.224        0.297402125909E-02
   4.229        0.293666951347E-02
   4.233        0.289978680212E-02
   4.238        0.286336723730E-02
   4.242        0.282740500415E-02
   4.247        0.279189436139E-02
   4.252        0.275682963957E-02
   4.256        0.272220524039E-02
   4.261        0.268801563595E-02
   4.265        0.265425536759E-02
   4.270        0.262091904506E-02
   4.274        0.258800134611E-02
   4.279        0.255549701467E-02
   4.283        0.252340086161E-02
   4.288        0.249170776192E-02
   4.293        0.246041265541E-02
   4.297        0.242951054531E-02
   4.302        0.239899649773E-02
   4.306        0.236886564039E-02
   4.311        0.233911316252E-02
   4.315        0.230973431314E-02
   4.320        0.228072440200E-02
   4.325        0.225207879612E-02
   4.329        0.222379292256E-02
   4.334        0.219586226365E-02
   4.338        0.216828236046E-02
   4.343        0.214104880877E-02
   4.347        0.211415725994E-02
   4.352        0.208760342014E-02
   4.357        0.206138304884E-02
   4.361        0.203549195976E-02
   4.366        0.200992601799E-02
   4.370        0.198468114138E-02
   4.375        0.195975329859E-02
   4.379        0.193513850945E-02
   4.384        0.191083284244E-02
   4.389        0.188683241731E-02
   4.393        0.186313340009E-02
   4.398        0.183973200819E-02
   4.402        0.181662450257E-02
   4.407        0.179380719510E-02
   4.411        0.177127644031E-02
   4.416        0.174902864160E-02
   4.420        0.172706024512E-02
   4.425        0.170536774328E-02
   4.430        0.168394767138E-02
   4.434        0.166279660925E-02
   4.439        0.164191117847E-02
   4.443        0.162128804413E-02
   4.448        0.160092391241E-02
   4.452        0.158081553138E-02
   4.457        0.156095968953E-02
   4.462        0.154135321588E-02
   4.466        0.152199297918E-02
   4.471        0.150287588792E-02
   4.475        0.148399888826E-02
   4.480        0.146535896579E-02
   4.484        0.144695314361E-02
   4.489        0.142877848202E-02
   4.494        0.141083207859E-02
   4.498        0.139311106705E-02
   4.503        0.137561261681E-02
   4.507        0.135833393369E-02
   4.512        0.134127225749E-02
   4.516        0.132442486381E-02
   4.521        0.130778906146E-02
   4.526        0.129136219368E-02
   4.530        0.127514163660E-02
   4.535        0.125912479996E-02
   4.539        0.124330912502E-02
   4.544        0.122769208622E-02
   4.548        0.121227118871E-02
   4.553        0.119704397025E-02
   4.557        0.118200799795E-02
   4.562        0.116716087064E-02
   4.567        0.115250021645E-02
   4.571        0.113802369424E-02
   4.576        0.112372899139E-02
   4.580        0.110961382529E-02
   4.585        0.109567594052E-02
   4.589        0.108191311142E-02
   4.594        0.106832313963E-02
   4.599        0.105490385431E-02
   4.603        0.104165311200E-02
   4.608        0.102856879619E-02
   4.612        0.101564881686E-02
   4.617        0.100289111026E-02
   4.621        0.990293638779E-03
   4.626        0.977854390158E-03
   4.631        0.965571377378E-03
   4.635        0.953442638320E-03
   4.640        0.941466235645E-03
   4.644        0.929640256345E-03
   4.649        0.917962811286E-03
   4.653        0.906432035436E-03
   4.658        0.895046086384E-03
   4.662        0.883803145712E-03
   4.667        0.872701417507E-03
   4.672        0.861739128140E-03
   4.676        0.850914526609E-03
   4.681        0.840225883962E-03
   4.685        0.829671492397E-03
   4.690        0.819249666392E-03
   4.694        0.808958740549E-03
   4.699        0.798797071639E-03
   4.704        0.788763035530E-03
   4.708        0.778855030148E-03
   4.713        0.769071472291E-03
   4.717        0.759410799105E-03
   4.722        0.749871467519E-03
   4.726        0.740451953220E-03
   4.731        0.731150752017E-03
   4.736        0.721966377569E-03
   4.740        0.712897362973E-03
   4.745        0.703942259179E-03
   4.749        0.695099635891E-03
   4.754        0.686368080324E-03
   4.758        0.677746197425E-03
   4.763        0.669232610221E-03
   4.768        0.660825958221E-03
   4.772        0.652524898896E-03
   4.777        0.644328105295E-03
   4.781        0.636234269109E-03
   4.786        0.628242095786E-03
   4.790        0.620350310328E-03
   4.795        0.612557650129E-03
   4.799        0.604862871910E-03
   4.804        0.597264745011E-03
   4.809        0.589762056393E-03
   4.813        0.582353606774E-03
   4.818        0.575038213583E-03
   4.822        0.567814706983E-03
   4.827        0.560681933734E-03
   4.831        0.553638753445E-03
   4.836        0.546684042206E-03
   4.841        0.539816687365E-03
   4.845        0.533035592980E-03
   4.850        0.526339675048E-03
   4.854        0.519727864003E-03
   4.859        0.513199103239E-03
   4.863        0.506752350020E-03
   4.868        0.500386574117E-03
   4.873        0.494100758715E-03
   4.877        0.487893899276E-03
   4.882        0.481765004679E-03
   4.886        0.475713094716E-03
   4.891        0.469737203730E-03
   4.895        0.463836375843E-03
   4.900        0.458009668932E-03
   4.905        0.452256151675E-03
   4.909        0.446574905254E-03
   4.914        0.440965021539E-03
   4.918        0.435425604564E-03
   4.923        0.429955769050E-03
   4.927        0.424554641199E-03
   4.932        0.419221357561E-03
   4.936        0.413955066961E-03
   4.941        0.408754926980E-03
   4.946        0.403620107704E-03
   4.950        0.398549787860E-03
   4.955        0.393543157998E-03
   4.959        0.388599417647E-03
   4.964        0.383717777140E-03
   4.968        0.378897456585E-03
   4.973        0.374137685753E-03
   4.978        0.369437703966E-03
   4.982        0.364796760437E-03
   4.987        0.360214113584E-03
   4.991        0.355689030926E-03
