
     Surface Energy Loss   Energy Generated
     3.600000000000E+05    3.600000000000E+05
Numerical Solution

  453.37  459.39  464.90  469.90  474.41  478.42  481.95  485.00  487.57  489.67
  491.30  492.46  493.16  493.39  493.16  492.46  491.30  489.67  487.57  485.00
  481.95  478.42  474.41  469.90  464.90  459.39  453.37
  482.80  489.99  496.59  502.58  508.00  512.82  517.07  520.75  523.85  526.39
  528.36  529.76  530.60  530.88  530.60  529.76  528.36  526.39  523.85  520.75
  517.07  512.82  508.00  502.58  496.59  489.99  482.80
  502.77  510.76  518.09  524.77  530.81  536.19  540.94  545.05  548.52  551.36
  553.57  555.14  556.08  556.40  556.08  555.14  553.57  551.36  548.52  545.05
  540.94  536.19  530.81  524.77  518.09  510.76  502.77
  516.33  524.86  532.70  539.85  546.30  552.08  557.16  561.57  565.29  568.34
  570.70  572.39  573.41  573.74  573.41  572.39  570.70  568.34  565.29  561.57
  557.16  552.08  546.30  539.85  532.70  524.86  516.33
  525.55  534.45  542.63  550.09  556.83  562.87  568.18  572.79  576.69  579.87
  582.35  584.12  585.18  585.53  585.18  584.12  582.35  579.87  576.69  572.79
  568.18  562.87  556.83  550.09  542.63  534.45  525.55
  531.80  540.95  549.37  557.04  563.99  570.19  575.67  580.41  584.42  587.71
  590.26  592.08  593.17  593.54  593.17  592.08  590.26  587.71  584.42  580.41
  575.67  570.19  563.99  557.04  549.37  540.95  531.80
  536.05  545.37  553.94  561.76  568.84  575.17  580.75  585.58  589.68  593.02
  595.63  597.48  598.60  598.97  598.60  597.48  595.63  593.02  589.68  585.58
  580.75  575.17  568.84  561.76  553.94  545.37  536.05
  538.93  548.36  557.04  564.96  572.13  578.53  584.19  589.09  593.23  596.62
  599.26  601.14  602.27  602.65  602.27  601.14  599.26  596.62  593.23  589.09
  584.19  578.53  572.13  564.96  557.04  548.36  538.93
  540.87  550.38  559.13  567.12  574.34  580.81  586.51  591.45  595.63  599.05
  601.71  603.61  604.75  605.13  604.75  603.61  601.71  599.05  595.63  591.45
  586.51  580.81  574.34  567.12  559.13  550.38  540.87
  542.16  551.73  560.53  568.56  575.82  582.32  588.06  593.03  597.23  600.68
  603.35  605.26  606.41  606.79  606.41  605.26  603.35  600.68  597.23  593.03
  588.06  582.32  575.82  568.56  560.53  551.73  542.16
  543.01  552.61  561.44  569.50  576.79  583.32  589.07  594.06  598.28  601.74
  604.42  606.34  607.49  607.88  607.49  606.34  604.42  601.74  598.28  594.06
  589.07  583.32  576.79  569.50  561.44  552.61  543.01
  543.54  553.16  562.01  570.09  577.40  583.94  589.71  594.71  598.94  602.40
  605.09  607.01  608.17  608.55  608.17  607.01  605.09  602.40  598.94  594.71
  589.71  583.94  577.40  570.09  562.01  553.16  543.54
  543.83  553.46  562.32  570.41  577.73  584.27  590.05  595.06  599.29  602.76
  605.46  607.38  608.54  608.92  608.54  607.38  605.46  602.76  599.29  595.06
  590.05  584.27  577.73  570.41  562.32  553.46  543.83
  543.92  553.55  562.42  570.51  577.83  584.38  590.16  595.17  599.41  602.87
  605.57  607.50  608.65  609.04  608.65  607.50  605.57  602.87  599.41  595.17
  590.16  584.38  577.83  570.51  562.42  553.55  543.92
  543.83  553.46  562.32  570.41  577.73  584.27  590.05  595.06  599.29  602.76
  605.46  607.38  608.54  608.92  608.54  607.38  605.46  602.76  599.29  595.06
  590.05  584.27  577.73  570.41  562.32  553.46  543.83
  543.54  553.16  562.01  570.09  577.40  583.94  589.71  594.71  598.94  602.40
  605.09  607.01  608.17  608.55  608.17  607.01  605.09  602.40  598.94  594.71
  589.71  583.94  577.40  570.09  562.01  553.16  543.54
  543.01  552.61  561.44  569.50  576.79  583.32  589.07  594.06  598.28  601.74
  604.42  606.34  607.49  607.88  607.49  606.34  604.42  601.74  598.28  594.06
  589.07  583.32  576.79  569.50  561.44  552.61  543.01
  542.16  551.73  560.53  568.56  575.82  582.32  588.06  593.03  597.23  600.68
  603.35  605.26  606.41  606.79  606.41  605.26  603.35  600.68  597.23  593.03
  588.06  582.32  575.82  568.56  560.53  551.73  542.16
  540.87  550.38  559.13  567.12  574.34  580.81  586.51  591.45  595.63  599.05
  601.71  603.61  604.75  605.13  604.75  603.61  601.71  599.05  595.63  591.45
  586.51  580.81  574.34  567.12  559.13  550.38  540.87
  538.93  548.36  557.04  564.96  572.13  578.53  584.19  589.09  593.23  596.62
  599.26  601.14  602.27  602.65  602.27  601.14  599.26  596.62  593.23  589.09
  584.19  578.53  572.13  564.96  557.04  548.36  538.93
  536.05  545.37  553.94  561.76  568.84  575.17  580.75  585.58  589.68  593.02
  595.63  597.48  598.60  598.97  598.60  597.48  595.63  593.02  589.68  585.58
  580.75  575.17  568.84  561.76  553.94  545.37  536.05
  531.80  540.95  549.37  557.04  563.99  570.19  575.67  580.41  584.42  587.71
  590.26  592.08  593.17  593.54  593.17  592.08  590.26  587.71  584.42  580.41
  575.67  570.19  563.99  557.04  549.37  540.95  531.80
  525.55  534.45  542.63  550.09  556.83  562.87  568.18  572.79  576.69  579.87
  582.35  584.12  585.18  585.53  585.18  584.12  582.35  579.87  576.69  572.79
  568.18  562.87  556.83  550.09  542.63  534.45  525.55
  516.33  524.86  532.70  539.85  546.30  552.08  557.16  561.57  565.29  568.34
  570.70  572.39  573.41  573.74  573.41  572.39  570.70  568.34  565.29  561.57
  557.16  552.08  546.30  539.85  532.70  524.86  516.33
  502.77  510.76  518.09  524.77  530.81  536.19  540.94  545.05  548.52  551.36
  553.57  555.14  556.08  556.40  556.08  555.14  553.57  551.36  548.52  545.05
  540.94  536.19  530.81  524.77  518.09  510.76  502.77
  482.80  489.99  496.59  502.58  508.00  512.82  517.07  520.75  523.85  526.39
  528.36  529.76  530.60  530.88  530.60  529.76  528.36  526.39  523.85  520.75
  517.07  512.82  508.00  502.58  496.59  489.99  482.80
  453.37  459.39  464.90  469.90  474.41  478.42  481.95  485.00  487.57  489.67
  491.30  492.46  493.16  493.39  493.16  492.46  491.30  489.67  487.57  485.00
  481.95  478.42  474.41  469.90  464.90  459.39  453.37
Temperature at the rod center  

  609.04
Temperature at the mid of the bottom face   

  468.10
Temperature at the mid of RHS side   

  538.81
dx is    

  1.481481481481481E-004
dy is    

  1.111111111111111E-003
