
     Surface Energy Loss   Energy Generated
     3.600000000000E+05    3.600000000000E+05
Numerical Solution

  489.98  507.98  520.73  528.35  530.88  528.35  520.73  507.98  489.98
  533.38  555.66  571.53  581.05  584.21  581.05  571.53  555.66  533.38
  547.66  571.35  588.26  598.40  601.78  598.40  588.26  571.35  547.66
  552.22  576.37  593.61  603.95  607.40  603.95  593.61  576.37  552.22
  553.27  577.52  594.84  605.23  608.69  605.23  594.84  577.52  553.27
  552.22  576.37  593.61  603.95  607.40  603.95  593.61  576.37  552.22
  547.66  571.35  588.26  598.40  601.78  598.40  588.26  571.35  547.66
  533.38  555.66  571.53  581.05  584.21  581.05  571.53  555.66  533.38
  489.98  507.98  520.73  528.35  530.88  528.35  520.73  507.98  489.98
Temperature at the rod center  

  608.69
Temperature at the mid of the bottom face   

  463.94
Temperature at the mid of RHS side   

  538.55
dx is    

  4.444444444444445E-004
dy is    

  3.333333333333333E-003
